<?xml version="1.0" encoding="UTF-8"?>
<!-- Generated by org.testng.reporters.JUnitXMLReporter -->
<testsuite hostname="HSNMM-AbhishekB" name="Log in Test" tests="1" failures="0" timestamp="21 Oct 2016 05:20:58 GMT" time="0.032" errors="0">
  <testcase name="@BeforeClass beforeFielSet" time="0.0" classname="com.hs18.Test.CRM.LogInTest">
    <skipped/>
  </testcase> <!-- @BeforeClass beforeFielSet -->
  <testcase name="logInToCRM" time="0.0" classname="com.hs18.Test.CRM.LogInTest">
    <skipped/>
  </testcase> <!-- logInToCRM -->
</testsuite> <!-- Log in Test -->
