<?xml version="1.0" encoding="UTF-8"?>
<!-- Generated by org.testng.reporters.JUnitXMLReporter -->
<testsuite hostname="HSN-AMITB" name="Test" tests="4" failures="0" timestamp="27 Apr 2016 10:33:35 GMT" time="4.114" errors="0">
  <testcase name="logInToCRM" time="1.709" classname="com.hs18.Test.CRM.LogInTest">
    <skipped/>
  </testcase> <!-- logInToCRM -->
  <testcase name="logInToCRM" time="1.249" classname="com.hs18.Test.CRM.LogInTest">
    <failure type="java.lang.AssertionError" message="expected [Invalid credential] but found [Invalid credentials]">
      <![CDATA[java.lang.AssertionError: expected [Invalid credential] but found [Invalid credentials]
	at com.hs18.Test.CRM.LogInTest.logInToCRM(LogInTest.java:30)
	at com.hs18.util.Formaction.doPost(Formaction.java:80)
	at javax.servlet.http.HttpServlet.service(HttpServlet.java:647)
	at javax.servlet.http.HttpServlet.service(HttpServlet.java:728)
	at org.apache.catalina.core.ApplicationFilterChain.internalDoFilter(ApplicationFilterChain.java:305)
	at org.apache.catalina.core.ApplicationFilterChain.doFilter(ApplicationFilterChain.java:210)
	at org.apache.tomcat.websocket.server.WsFilter.doFilter(WsFilter.java:51)
	at org.apache.catalina.core.ApplicationFilterChain.internalDoFilter(ApplicationFilterChain.java:243)
	at org.apache.catalina.core.ApplicationFilterChain.doFilter(ApplicationFilterChain.java:210)
	at org.apache.catalina.core.StandardWrapperValve.invoke(StandardWrapperValve.java:222)
	at org.apache.catalina.core.StandardContextValve.invoke(StandardContextValve.java:123)
	at org.apache.catalina.authenticator.AuthenticatorBase.invoke(AuthenticatorBase.java:502)
	at org.apache.catalina.core.StandardHostValve.invoke(StandardHostValve.java:171)
	at org.apache.catalina.valves.ErrorReportValve.invoke(ErrorReportValve.java:100)
	at org.apache.catalina.valves.AccessLogValve.invoke(AccessLogValve.java:953)
	at org.apache.catalina.core.StandardEngineValve.invoke(StandardEngineValve.java:118)
	at org.apache.catalina.connector.CoyoteAdapter.service(CoyoteAdapter.java:408)
	at org.apache.coyote.http11.AbstractHttp11Processor.process(AbstractHttp11Processor.java:1041)
	at org.apache.coyote.AbstractProtocol$AbstractConnectionHandler.process(AbstractProtocol.java:603)
	at org.apache.tomcat.util.net.JIoEndpoint$SocketProcessor.run(JIoEndpoint.java:312)
	at java.util.concurrent.ThreadPoolExecutor.runWorker(ThreadPoolExecutor.java:1145)
	at java.util.concurrent.ThreadPoolExecutor$Worker.run(ThreadPoolExecutor.java:615)
	at java.lang.Thread.run(Thread.java:745)
... Removed 26 stack frames]]>
    </failure>
  </testcase> <!-- logInToCRM -->
  <testcase name="logInToCRM" time="0.603" classname="com.hs18.Test.CRM.LogInTest"/>
  <testcase name="logInToCRM" time="0.544" classname="com.hs18.Test.CRM.LogInTest"/>
</testsuite> <!-- Test -->
