-------------------------------------------------------------------------------
Test set: TestSuite
-------------------------------------------------------------------------------
Tests run: 1, Failures: 1, Errors: 0, Skipped: 0, Time elapsed: 42.256 sec <<< FAILURE!
TestLogin(ReportTestPackage.clsPawasp)  Time elapsed: 41.19 sec  <<< FAILURE!
org.openqa.selenium.NoSuchWindowException: Window not found. The browser window may have been closed.
Command duration or timeout: 116 milliseconds
Build info: version: '2.52.0', revision: '4c2593cfc3689a7fcd7be52549167e5ccc93ad28', time: '2016-02-11 11:22:43'
System info: host: 'HSNMM-RamNiwas', ip: '10.50.33.195', os.name: 'Windows 7', os.arch: 'amd64', os.version: '6.1', java.version: '1.8.0_74'
Driver info: org.openqa.selenium.firefox.FirefoxDriver
Capabilities [{applicationCacheEnabled=true, rotatable=false, handlesAlerts=true, databaseEnabled=true, version=44.0.2, platform=WINDOWS, nativeEvents=false, acceptSslCerts=true, webStorageEnabled=true, locationContextEnabled=true, browserName=firefox, takesScreenshot=true, javascriptEnabled=true, cssSelectorsEnabled=true}]
Session ID: 9ffbaacd-c578-4aed-a7ea-162c891e6807
*** Element info: {Using=xpath, value=//*[starts-with(text(),'Call Center Call Cost')]}
	at <anonymous class>.nsCommandProcessor.prototype.execute(file:///C:/Users/RAM~1.SAH/AppData/Local/Temp/anonymous5986679002590208109webdriver-profile/extensions/fxdriver@googlecode.com/components/command-processor.js:12668)
	at <anonymous class>.Dispatcher.executeAs/<(file:///C:/Users/RAM~1.SAH/AppData/Local/Temp/anonymous5986679002590208109webdriver-profile/extensions/fxdriver@googlecode.com/components/driver-component.js:9511)
	at <anonymous class>.Resource.prototype.handle(file:///C:/Users/RAM~1.SAH/AppData/Local/Temp/anonymous5986679002590208109webdriver-profile/extensions/fxdriver@googlecode.com/components/driver-component.js:9658)
	at <anonymous class>.Dispatcher.prototype.dispatch(file:///C:/Users/RAM~1.SAH/AppData/Local/Temp/anonymous5986679002590208109webdriver-profile/extensions/fxdriver@googlecode.com/components/driver-component.js:9605)
	at <anonymous class>.WebDriverServer/<.handle(file:///C:/Users/RAM~1.SAH/AppData/Local/Temp/anonymous5986679002590208109webdriver-profile/extensions/fxdriver@googlecode.com/components/driver-component.js:12470)
	at <anonymous class>.createHandlerFunc/<(file:///C:/Users/RAM~1.SAH/AppData/Local/Temp/anonymous5986679002590208109webdriver-profile/extensions/fxdriver@googlecode.com/components/httpd.js:2054)
	at <anonymous class>.ServerHandler.prototype.handleResponse(file:///C:/Users/RAM~1.SAH/AppData/Local/Temp/anonymous5986679002590208109webdriver-profile/extensions/fxdriver@googlecode.com/components/httpd.js:2387)
	at <anonymous class>.Connection.prototype.process(file:///C:/Users/RAM~1.SAH/AppData/Local/Temp/anonymous5986679002590208109webdriver-profile/extensions/fxdriver@googlecode.com/components/httpd.js:1223)
	at <anonymous class>.RequestReader.prototype._handleResponse(file:///C:/Users/RAM~1.SAH/AppData/Local/Temp/anonymous5986679002590208109webdriver-profile/extensions/fxdriver@googlecode.com/components/httpd.js:1677)
	at <anonymous class>.RequestReader.prototype._processBody(file:///C:/Users/RAM~1.SAH/AppData/Local/Temp/anonymous5986679002590208109webdriver-profile/extensions/fxdriver@googlecode.com/components/httpd.js:1525)
	at <anonymous class>.RequestReader.prototype.onInputStreamReady(file:///C:/Users/RAM~1.SAH/AppData/Local/Temp/anonymous5986679002590208109webdriver-profile/extensions/fxdriver@googlecode.com/components/httpd.js:1393)

