<?xml version="1.0" encoding="UTF-8"?>
<!-- Generated by org.testng.reporters.JUnitXMLReporter -->
<testsuite hostname="HSNMM-RamNiwas" name="CRM" tests="4" failures="1" timestamp="9 Feb 2017 06:56:41 GMT" time="19.09" errors="0">
  <testcase name="logInToCRM" time="3.33" classname="com.hs18.Test.CRM.LogInTest">
    <failure type="java.lang.AssertionError" message="expected [Invalid credential] but found [Invalid credentials]">
      <![CDATA[java.lang.AssertionError: expected [Invalid credential] but found [Invalid credentials]
	at com.hs18.Test.CRM.LogInTest.logInToCRM(LogInTest.java:32)
... Removed 29 stack frames]]>
    </failure>
  </testcase> <!-- logInToCRM -->
  <testcase name="logInToCRM" time="1.111" classname="com.hs18.Test.CRM.LogInTest"/>
  <testcase name="callernoTest" time="11.356" classname="com.hs18.Test.CRM.OrderBookingTest"/>
  <testcase name="searchProductTest" time="2.908" classname="com.hs18.Test.CRM.OrderBookingTest"/>
</testsuite> <!-- CRM -->
