<?xml version="1.0" encoding="UTF-8"?>
<!-- Generated by org.testng.reporters.JUnitXMLReporter -->
<testsuite hostname="HSNMM-RamNiwas" name="DFC" tests="4" failures="2" timestamp="9 Feb 2017 07:00:08 GMT" time="34.178" errors="0">
  <testcase name="changeStatus" time="16.774" classname="com.hs18.Test.DFC.DfcLoginTest"/>
  <testcase name="logInToDFC" time="2.635" classname="com.hs18.Test.DFC.DfcLoginTest"/>
  <testcase name="logInToDFC" time="1.481" classname="com.hs18.Test.DFC.DfcLoginTest">
    <failure type="java.lang.AssertionError" message="expected [Login not successful: invalid username or password!] but found [News Feed]">
      <![CDATA[java.lang.AssertionError: expected [Login not successful: invalid username or password!] but found [News Feed]
	at com.hs18.Test.DFC.DfcLoginTest.logInToDFC(DfcLoginTest.java:58)
... Removed 29 stack frames]]>
    </failure>
  </testcase> <!-- logInToDFC -->
  <testcase name="SearchProduct" time="12.713" classname="com.hs18.Test.DFC.DFCCreateOrderFormTest">
    <failure type="java.lang.AssertionError" message="expected [true] but found [false]">
      <![CDATA[java.lang.AssertionError: expected [true] but found [false]
	at com.hs18.commonFunctionality.DFC.DFCCreateOrderForm.AddBalanceQty(DFCCreateOrderForm.java:32)
	at com.hs18.Test.DFC.DFCCreateOrderFormTest.SearchProduct(DFCCreateOrderFormTest.java:26)
... Removed 28 stack frames]]>
    </failure>
  </testcase> <!-- SearchProduct -->
</testsuite> <!-- DFC -->
