<?xml version="1.0" encoding="UTF-8"?>
<!-- Generated by org.testng.reporters.JUnitXMLReporter -->
<testsuite hostname="HSNMM-RamNiwas" name="Default test" tests="3" failures="0" timestamp="17 Mar 2017 09:43:36 GMT" time="16.131" errors="0">
  <testcase name="NDR" time="0.015" classname="src.CourierTrackDataCreation"/>
  <testcase name="Reverse" time="0.0" classname="src.CourierTrackDataCreation"/>
  <testcase name="forwardCourier" time="10.227" classname="src.CourierTrackDataCreation"/>
</testsuite> <!-- Default test -->
