<?xml version="1.0" encoding="UTF-8"?>
<testsuite name="Bulk"
           tests="1"
           failures="1"
           errors="0"
           skipped="0"
           time="0.444">
  <properties />
            <testcase name="createBulkOrdersGsonRequest" time="0.444" classname="com.hs18.TestDataCreation.BulkOrderCreatiobBYGson">
                <failure type="java.lang.StackOverflowError"
                  message="(null)"
              >
<![CDATA[java.lang.StackOverflowError
  com.google.gson.internal.$Gson$Types.resolve($Gson$Types.java:378)
  com.google.gson.internal.$Gson$Types.resolve($Gson$Types.java:383)
  com.google.gson.internal.$Gson$Types.resolve($Gson$Types.java:378)
  com.google.gson.internal.$Gson$Types.resolve($Gson$Types.java:383)
  com.google.gson.internal.$Gson$Types.resolve($Gson$Types.java:378)
  com.google.gson.internal.$Gson$Types.resolve($Gson$Types.java:383)
  com.google.gson.internal.$Gson$Types.resolve($Gson$Types.java:378)
  com.google.gson.internal.$Gson$Types.resolve($Gson$Types.java:383)
  com.google.gson.internal.$Gson$Types.resolve($Gson$Types.java:378)
  com.google.gson.internal.$Gson$Types.resolve($Gson$Types.java:383)
  com.google.gson.internal.$Gson$Types.resolve($Gson$Types.java:378)
  com.google.gson.internal.$Gson$Types.resolve($Gson$Types.java:383)
  com.google.gson.internal.$Gson$Types.resolve($Gson$Types.java:378)
  com.google.gson.internal.$Gson$Types.resolve($Gson$Types.java:383)
  com.google.gson.internal.$Gson$Types.resolve($Gson$Types.java:378)
  com.google.gson.internal.$Gson$Types.resolve($Gson$Types.java:383)
  com.google.gson.internal.$Gson$Types.resolve($Gson$Types.java:378)
  com.google.gson.internal.$Gson$Types.resolve($Gson$Types.java:383)
  com.google.gson.internal.$Gson$Types.resolve($Gson$Types.java:378)
  com.google.gson.internal.$Gson$Types.resolve($Gson$Types.java:383)
  com.google.gson.internal.$Gson$Types.resolve($Gson$Types.java:378)
  com.google.gson.internal.$Gson$Types.resolve($Gson$Types.java:383)
  com.google.gson.internal.$Gson$Types.resolve($Gson$Types.java:378)
  com.google.gson.internal.$Gson$Types.resolve($Gson$Types.java:383)
  com.google.gson.internal.$Gson$Types.resolve($Gson$Types.java:378)
  com.google.gson.internal.$Gson$Types.resolve($Gson$Types.java:383)
  com.google.gson.internal.$Gson$Types.resolve($Gson$Types.java:378)
  com.google.gson.internal.$Gson$Types.resolve($Gson$Types.java:383)
  com.google.gson.internal.$Gson$Types.resolve($Gson$Types.java:378)
  com.google.gson.internal.$Gson$Types.resolve($Gson$Types.java:383)
  com.google.gson.internal.$Gson$Types.resolve($Gson$Types.java:378)
  com.google.gson.internal.$Gson$Types.resolve($Gson$Types.java:383)
  com.google.gson.internal.$Gson$Types.resolve($Gson$Types.java:378)
  com.google.gson.internal.$Gson$Types.resolve($Gson$Types.java:383)
  com.google.gson.internal.$Gson$Types.resolve($Gson$Types.java:378)
  com.google.gson.internal.$Gson$Types.resolve($Gson$Types.java:383)
  com.google.gson.internal.$Gson$Types.resolve($Gson$Types.java:378)
  com.google.gson.internal.$Gson$Types.resolve($Gson$Types.java:383)
  com.google.gson.internal.$Gson$Types.resolve($Gson$Types.java:378)
  com.google.gson.internal.$Gson$Types.resolve($Gson$Types.java:383)
  com.google.gson.internal.$Gson$Types.resolve($Gson$Types.java:378)
  com.google.gson.internal.$Gson$Types.resolve($Gson$Types.java:383)
  com.google.gson.internal.$Gson$Types.resolve($Gson$Types.java:378)
  com.google.gson.internal.$Gson$Types.resolve($Gson$Types.java:383)
  com.google.gson.internal.$Gson$Types.resolve($Gson$Types.java:378)
  com.google.gson.internal.$Gson$Types.resolve($Gson$Types.java:383)
  com.google.gson.internal.$Gson$Types.resolve($Gson$Types.java:378)
  com.google.gson.internal.$Gson$Types.resolve($Gson$Types.java:383)
  com.google.gson.internal.$Gson$Types.resolve($Gson$Types.java:378)
  com.google.gson.internal.$Gson$Types.resolve($Gson$Types.java:383)
  com.google.gson.internal.$Gson$Types.resolve($Gson$Types.java:378)
  com.google.gson.internal.$Gson$Types.resolve($Gson$Types.java:383)
  com.google.gson.internal.$Gson$Types.resolve($Gson$Types.java:378)
  com.google.gson.internal.$Gson$Types.resolve($Gson$Types.java:383)
  com.google.gson.internal.$Gson$Types.resolve($Gson$Types.java:378)
  com.google.gson.internal.$Gson$Types.resolve($Gson$Types.java:383)
  com.google.gson.internal.$Gson$Types.resolve($Gson$Types.java:378)
  com.google.gson.internal.$Gson$Types.resolve($Gson$Types.java:383)
  com.google.gson.internal.$Gson$Types.resolve($Gson$Types.java:378)
  com.google.gson.internal.$Gson$Types.resolve($Gson$Types.java:383)
  com.google.gson.internal.$Gson$Types.resolve($Gson$Types.java:378)
  com.google.gson.internal.$Gson$Types.resolve($Gson$Types.java:383)
  com.google.gson.internal.$Gson$Types.resolve($Gson$Types.java:378)
  com.google.gson.internal.$Gson$Types.resolve($Gson$Types.java:383)
  com.google.gson.internal.$Gson$Types.resolve($Gson$Types.java:378)
  com.google.gson.internal.$Gson$Types.resolve($Gson$Types.java:383)
  com.google.gson.internal.$Gson$Types.resolve($Gson$Types.java:378)
  com.google.gson.internal.$Gson$Types.resolve($Gson$Types.java:383)
  com.google.gson.internal.$Gson$Types.resolve($Gson$Types.java:378)
  com.google.gson.internal.$Gson$Types.resolve($Gson$Types.java:383)
  com.google.gson.internal.$Gson$Types.resolve($Gson$Types.java:378)
  com.google.gson.internal.$Gson$Types.resolve($Gson$Types.java:383)
  com.google.gson.internal.$Gson$Types.resolve($Gson$Types.java:378)
  com.google.gson.internal.$Gson$Types.resolve($Gson$Types.java:383)
  com.google.gson.internal.$Gson$Types.resolve($Gson$Types.java:378)
  com.google.gson.internal.$Gson$Types.resolve($Gson$Types.java:383)
  com.google.gson.internal.$Gson$Types.resolve($Gson$Types.java:378)
  com.google.gson.internal.$Gson$Types.resolve($Gson$Types.java:383)
  com.google.gson.internal.$Gson$Types.resolve($Gson$Types.java:378)
  com.google.gson.internal.$Gson$Types.resolve($Gson$Types.java:383)
  com.google.gson.internal.$Gson$Types.resolve($Gson$Types.java:378)
  com.google.gson.internal.$Gson$Types.resolve($Gson$Types.java:383)
  com.google.gson.internal.$Gson$Types.resolve($Gson$Types.java:378)
  com.google.gson.internal.$Gson$Types.resolve($Gson$Types.java:383)
  com.google.gson.internal.$Gson$Types.resolve($Gson$Types.java:378)
  com.google.gson.internal.$Gson$Types.resolve($Gson$Types.java:383)
  com.google.gson.internal.$Gson$Types.resolve($Gson$Types.java:378)
  com.google.gson.internal.$Gson$Types.resolve($Gson$Types.java:383)
  com.google.gson.internal.$Gson$Types.resolve($Gson$Types.java:378)
  com.google.gson.internal.$Gson$Types.resolve($Gson$Types.java:383)
  com.google.gson.internal.$Gson$Types.resolve($Gson$Types.java:378)
  com.google.gson.internal.$Gson$Types.resolve($Gson$Types.java:383)
  com.google.gson.internal.$Gson$Types.resolve($Gson$Types.java:378)
  com.google.gson.internal.$Gson$Types.resolve($Gson$Types.java:383)
  com.google.gson.internal.$Gson$Types.resolve($Gson$Types.java:378)
  com.google.gson.internal.$Gson$Types.resolve($Gson$Types.java:383)
  com.google.gson.internal.$Gson$Types.resolve($Gson$Types.java:378)
  com.google.gson.internal.$Gson$Types.resolve($Gson$Types.java:383)
  com.google.gson.internal.$Gson$Types.resolve($Gson$Types.java:378)
  com.google.gson.internal.$Gson$Types.resolve($Gson$Types.java:383)
  com.google.gson.internal.$Gson$Types.resolve($Gson$Types.java:378)
  com.google.gson.internal.$Gson$Types.resolve($Gson$Types.java:383)
  com.google.gson.internal.$Gson$Types.resolve($Gson$Types.java:378)
  com.google.gson.internal.$Gson$Types.resolve($Gson$Types.java:383)
  com.google.gson.internal.$Gson$Types.resolve($Gson$Types.java:378)
  com.google.gson.internal.$Gson$Types.resolve($Gson$Types.java:383)
  com.google.gson.internal.$Gson$Types.resolve($Gson$Types.java:378)
  com.google.gson.internal.$Gson$Types.resolve($Gson$Types.java:383)
  com.google.gson.internal.$Gson$Types.resolve($Gson$Types.java:378)
  com.google.gson.internal.$Gson$Types.resolve($Gson$Types.java:383)
  com.google.gson.internal.$Gson$Types.resolve($Gson$Types.java:378)
  com.google.gson.internal.$Gson$Types.resolve($Gson$Types.java:383)
  com.google.gson.internal.$Gson$Types.resolve($Gson$Types.java:378)
  com.google.gson.internal.$Gson$Types.resolve($Gson$Types.java:383)
  com.google.gson.internal.$Gson$Types.resolve($Gson$Types.java:378)
  com.google.gson.internal.$Gson$Types.resolve($Gson$Types.java:383)
  com.google.gson.internal.$Gson$Types.resolve($Gson$Types.java:378)
  com.google.gson.internal.$Gson$Types.resolve($Gson$Types.java:383)
  com.google.gson.internal.$Gson$Types.resolve($Gson$Types.java:378)
  com.google.gson.internal.$Gson$Types.resolve($Gson$Types.java:383)
  com.google.gson.internal.$Gson$Types.resolve($Gson$Types.java:378)
  com.google.gson.internal.$Gson$Types.resolve($Gson$Types.java:383)
  com.google.gson.internal.$Gson$Types.resolve($Gson$Types.java:378)
  com.google.gson.internal.$Gson$Types.resolve($Gson$Types.java:383)
  com.google.gson.internal.$Gson$Types.resolve($Gson$Types.java:378)
  com.google.gson.internal.$Gson$Types.resolve($Gson$Types.java:383)
  com.google.gson.internal.$Gson$Types.resolve($Gson$Types.java:378)
  com.google.gson.internal.$Gson$Types.resolve($Gson$Types.java:383)
  com.google.gson.internal.$Gson$Types.resolve($Gson$Types.java:378)
  com.google.gson.internal.$Gson$Types.resolve($Gson$Types.java:383)
  com.google.gson.internal.$Gson$Types.resolve($Gson$Types.java:378)
  com.google.gson.internal.$Gson$Types.resolve($Gson$Types.java:383)
  com.google.gson.internal.$Gson$Types.resolve($Gson$Types.java:378)
  com.google.gson.internal.$Gson$Types.resolve($Gson$Types.java:383)
  com.google.gson.internal.$Gson$Types.resolve($Gson$Types.java:378)
  com.google.gson.internal.$Gson$Types.resolve($Gson$Types.java:383)
  com.google.gson.internal.$Gson$Types.resolve($Gson$Types.java:378)
  com.google.gson.internal.$Gson$Types.resolve($Gson$Types.java:383)
  com.google.gson.internal.$Gson$Types.resolve($Gson$Types.java:378)
  com.google.gson.internal.$Gson$Types.resolve($Gson$Types.java:383)
  com.google.gson.internal.$Gson$Types.resolve($Gson$Types.java:378)
  com.google.gson.internal.$Gson$Types.resolve($Gson$Types.java:383)
  com.google.gson.internal.$Gson$Types.resolve($Gson$Types.java:378)
  com.google.gson.internal.$Gson$Types.resolve($Gson$Types.java:383)
  com.google.gson.internal.$Gson$Types.resolve($Gson$Types.java:378)
  com.google.gson.internal.$Gson$Types.resolve($Gson$Types.java:383)
  com.google.gson.internal.$Gson$Types.resolve($Gson$Types.java:378)
  com.google.gson.internal.$Gson$Types.resolve($Gson$Types.java:383)
  com.google.gson.internal.$Gson$Types.resolve($Gson$Types.java:378)
  com.google.gson.internal.$Gson$Types.resolve($Gson$Types.java:383)
  com.google.gson.internal.$Gson$Types.resolve($Gson$Types.java:378)
  com.google.gson.internal.$Gson$Types.resolve($Gson$Types.java:383)
  com.google.gson.internal.$Gson$Types.resolve($Gson$Types.java:378)
  com.google.gson.internal.$Gson$Types.resolve($Gson$Types.java:383)
  com.google.gson.internal.$Gson$Types.resolve($Gson$Types.java:378)
  com.google.gson.internal.$Gson$Types.resolve($Gson$Types.java:383)
  com.google.gson.internal.$Gson$Types.resolve($Gson$Types.java:378)
  com.google.gson.internal.$Gson$Types.resolve($Gson$Types.java:383)
  com.google.gson.internal.$Gson$Types.resolve($Gson$Types.java:378)
  com.google.gson.internal.$Gson$Types.resolve($Gson$Types.java:383)
  com.google.gson.internal.$Gson$Types.resolve($Gson$Types.java:378)
  com.google.gson.internal.$Gson$Types.resolve($Gson$Types.java:383)
  com.google.gson.internal.$Gson$Types.resolve($Gson$Types.java:378)
  com.google.gson.internal.$Gson$Types.resolve($Gson$Types.java:383)
  com.google.gson.internal.$Gson$Types.resolve($Gson$Types.java:378)
  com.google.gson.internal.$Gson$Types.resolve($Gson$Types.java:383)
  com.google.gson.internal.$Gson$Types.resolve($Gson$Types.java:378)
  com.google.gson.internal.$Gson$Types.resolve($Gson$Types.java:383)
  com.google.gson.internal.$Gson$Types.resolve($Gson$Types.java:378)
  com.google.gson.internal.$Gson$Types.resolve($Gson$Types.java:383)
  com.google.gson.internal.$Gson$Types.resolve($Gson$Types.java:378)
  com.google.gson.internal.$Gson$Types.resolve($Gson$Types.java:383)
  com.google.gson.internal.$Gson$Types.resolve($Gson$Types.java:378)
  com.google.gson.internal.$Gson$Types.resolve($Gson$Types.java:383)
  com.google.gson.internal.$Gson$Types.resolve($Gson$Types.java:378)
  com.google.gson.internal.$Gson$Types.resolve($Gson$Types.java:383)
  com.google.gson.internal.$Gson$Types.resolve($Gson$Types.java:378)
  com.google.gson.internal.$Gson$Types.resolve($Gson$Types.java:383)
  com.google.gson.internal.$Gson$Types.resolve($Gson$Types.java:378)
  com.google.gson.internal.$Gson$Types.resolve($Gson$Types.java:383)
  com.google.gson.internal.$Gson$Types.resolve($Gson$Types.java:378)
  com.google.gson.internal.$Gson$Types.resolve($Gson$Types.java:383)
  com.google.gson.internal.$Gson$Types.resolve($Gson$Types.java:378)
  com.google.gson.internal.$Gson$Types.resolve($Gson$Types.java:383)
  com.google.gson.internal.$Gson$Types.resolve($Gson$Types.java:378)
  com.google.gson.internal.$Gson$Types.resolve($Gson$Types.java:383)
  com.google.gson.internal.$Gson$Types.resolve($Gson$Types.java:378)
  com.google.gson.internal.$Gson$Types.resolve($Gson$Types.java:383)
  com.google.gson.internal.$Gson$Types.resolve($Gson$Types.java:378)
  com.google.gson.internal.$Gson$Types.resolve($Gson$Types.java:383)
  com.google.gson.internal.$Gson$Types.resolve($Gson$Types.java:378)
  com.google.gson.internal.$Gson$Types.resolve($Gson$Types.java:383)
  com.google.gson.internal.$Gson$Types.resolve($Gson$Types.java:378)
  com.google.gson.internal.$Gson$Types.resolve($Gson$Types.java:383)
  com.google.gson.internal.$Gson$Types.resolve($Gson$Types.java:378)
  com.google.gson.internal.$Gson$Types.resolve($Gson$Types.java:383)
  com.google.gson.internal.$Gson$Types.resolve($Gson$Types.java:378)
  com.google.gson.internal.$Gson$Types.resolve($Gson$Types.java:383)
  com.google.gson.internal.$Gson$Types.resolve($Gson$Types.java:378)
  com.google.gson.internal.$Gson$Types.resolve($Gson$Types.java:383)
  com.google.gson.internal.$Gson$Types.resolve($Gson$Types.java:378)
  com.google.gson.internal.$Gson$Types.resolve($Gson$Types.java:383)
  com.google.gson.internal.$Gson$Types.resolve($Gson$Types.java:378)
  com.google.gson.internal.$Gson$Types.resolve($Gson$Types.java:383)
  com.google.gson.internal.$Gson$Types.resolve($Gson$Types.java:378)
  com.google.gson.internal.$Gson$Types.resolve($Gson$Types.java:383)
  com.google.gson.internal.$Gson$Types.resolve($Gson$Types.java:378)
  com.google.gson.internal.$Gson$Types.resolve($Gson$Types.java:383)
  com.google.gson.internal.$Gson$Types.resolve($Gson$Types.java:378)
  com.google.gson.internal.$Gson$Types.resolve($Gson$Types.java:383)
  com.google.gson.internal.$Gson$Types.resolve($Gson$Types.java:378)
  com.google.gson.internal.$Gson$Types.resolve($Gson$Types.java:383)
  com.google.gson.internal.$Gson$Types.resolve($Gson$Types.java:378)
  com.google.gson.internal.$Gson$Types.resolve($Gson$Types.java:383)
  com.google.gson.internal.$Gson$Types.resolve($Gson$Types.java:378)
  com.google.gson.internal.$Gson$Types.resolve($Gson$Types.java:383)
  com.google.gson.internal.$Gson$Types.resolve($Gson$Types.java:378)
  com.google.gson.internal.$Gson$Types.resolve($Gson$Types.java:383)
  com.google.gson.internal.$Gson$Types.resolve($Gson$Types.java:378)
  com.google.gson.internal.$Gson$Types.resolve($Gson$Types.java:383)
  com.google.gson.internal.$Gson$Types.resolve($Gson$Types.java:378)
  com.google.gson.internal.$Gson$Types.resolve($Gson$Types.java:383)
  com.google.gson.internal.$Gson$Types.resolve($Gson$Types.java:378)
  com.google.gson.internal.$Gson$Types.resolve($Gson$Types.java:383)
  com.google.gson.internal.$Gson$Types.resolve($Gson$Types.java:378)
  com.google.gson.internal.$Gson$Types.resolve($Gson$Types.java:383)
  com.google.gson.internal.$Gson$Types.resolve($Gson$Types.java:378)
  com.google.gson.internal.$Gson$Types.resolve($Gson$Types.java:383)
  com.google.gson.internal.$Gson$Types.resolve($Gson$Types.java:378)
  com.google.gson.internal.$Gson$Types.resolve($Gson$Types.java:383)
  com.google.gson.internal.$Gson$Types.resolve($Gson$Types.java:378)
  com.google.gson.internal.$Gson$Types.resolve($Gson$Types.java:383)
  com.google.gson.internal.$Gson$Types.resolve($Gson$Types.java:378)
  com.google.gson.internal.$Gson$Types.resolve($Gson$Types.java:383)
  com.google.gson.internal.$Gson$Types.resolve($Gson$Types.java:378)
  com.google.gson.internal.$Gson$Types.resolve($Gson$Types.java:383)
  com.google.gson.internal.$Gson$Types.resolve($Gson$Types.java:378)
  com.google.gson.internal.$Gson$Types.resolve($Gson$Types.java:383)
  com.google.gson.internal.$Gson$Types.resolve($Gson$Types.java:378)
  com.google.gson.internal.$Gson$Types.resolve($Gson$Types.java:383)
  com.google.gson.internal.$Gson$Types.resolve($Gson$Types.java:378)
  com.google.gson.internal.$Gson$Types.resolve($Gson$Types.java:383)
  com.google.gson.internal.$Gson$Types.resolve($Gson$Types.java:378)
  com.google.gson.internal.$Gson$Types.resolve($Gson$Types.java:383)
  com.google.gson.internal.$Gson$Types.resolve($Gson$Types.java:378)
  com.google.gson.internal.$Gson$Types.resolve($Gson$Types.java:383)
  com.google.gson.internal.$Gson$Types.resolve($Gson$Types.java:378)
  com.google.gson.internal.$Gson$Types.resolve($Gson$Types.java:383)
  com.google.gson.internal.$Gson$Types.resolve($Gson$Types.java:378)
  com.google.gson.internal.$Gson$Types.resolve($Gson$Types.java:383)
  com.google.gson.internal.$Gson$Types.resolve($Gson$Types.java:378)
  com.google.gson.internal.$Gson$Types.resolve($Gson$Types.java:383)
  com.google.gson.internal.$Gson$Types.resolve($Gson$Types.java:378)
  com.google.gson.internal.$Gson$Types.resolve($Gson$Types.java:383)
  com.google.gson.internal.$Gson$Types.resolve($Gson$Types.java:378)
  com.google.gson.internal.$Gson$Types.resolve($Gson$Types.java:383)
  com.google.gson.internal.$Gson$Types.resolve($Gson$Types.java:378)
  com.google.gson.internal.$Gson$Types.resolve($Gson$Types.java:383)
  com.google.gson.internal.$Gson$Types.resolve($Gson$Types.java:378)
  com.google.gson.internal.$Gson$Types.resolve($Gson$Types.java:383)
  com.google.gson.internal.$Gson$Types.resolve($Gson$Types.java:378)
  com.google.gson.internal.$Gson$Types.resolve($Gson$Types.java:383)
  com.google.gson.internal.$Gson$Types.resolve($Gson$Types.java:378)
  com.google.gson.internal.$Gson$Types.resolve($Gson$Types.java:383)
  com.google.gson.internal.$Gson$Types.resolve($Gson$Types.java:378)
  com.google.gson.internal.$Gson$Types.resolve($Gson$Types.java:383)
  com.google.gson.internal.$Gson$Types.resolve($Gson$Types.java:378)
  com.google.gson.internal.$Gson$Types.resolve($Gson$Types.java:383)
  com.google.gson.internal.$Gson$Types.resolve($Gson$Types.java:378)
  com.google.gson.internal.$Gson$Types.resolve($Gson$Types.java:383)
  com.google.gson.internal.$Gson$Types.resolve($Gson$Types.java:378)
  com.google.gson.internal.$Gson$Types.resolve($Gson$Types.java:383)
  com.google.gson.internal.$Gson$Types.resolve($Gson$Types.java:378)
  com.google.gson.internal.$Gson$Types.resolve($Gson$Types.java:383)
  com.google.gson.internal.$Gson$Types.resolve($Gson$Types.java:378)
  com.google.gson.internal.$Gson$Types.resolve($Gson$Types.java:383)
  com.google.gson.internal.$Gson$Types.resolve($Gson$Types.java:378)
  com.google.gson.internal.$Gson$Types.resolve($Gson$Types.java:383)
  com.google.gson.internal.$Gson$Types.resolve($Gson$Types.java:378)
  com.google.gson.internal.$Gson$Types.resolve($Gson$Types.java:383)
  com.google.gson.internal.$Gson$Types.resolve($Gson$Types.java:378)
  com.google.gson.internal.$Gson$Types.resolve($Gson$Types.java:383)
  com.google.gson.internal.$Gson$Types.resolve($Gson$Types.java:378)
  com.google.gson.internal.$Gson$Types.resolve($Gson$Types.java:383)
  com.google.gson.internal.$Gson$Types.resolve($Gson$Types.java:378)
  com.google.gson.internal.$Gson$Types.resolve($Gson$Types.java:383)
  com.google.gson.internal.$Gson$Types.resolve($Gson$Types.java:378)
  com.google.gson.internal.$Gson$Types.resolve($Gson$Types.java:383)
  com.google.gson.internal.$Gson$Types.resolve($Gson$Types.java:378)
  com.google.gson.internal.$Gson$Types.resolve($Gson$Types.java:383)
  com.google.gson.internal.$Gson$Types.resolve($Gson$Types.java:378)
  com.google.gson.internal.$Gson$Types.resolve($Gson$Types.java:383)
  com.google.gson.internal.$Gson$Types.resolve($Gson$Types.java:378)
  com.google.gson.internal.$Gson$Types.resolve($Gson$Types.java:383)
  com.google.gson.internal.$Gson$Types.resolve($Gson$Types.java:378)
  com.google.gson.internal.$Gson$Types.resolve($Gson$Types.java:383)
  com.google.gson.internal.$Gson$Types.resolve($Gson$Types.java:378)
  com.google.gson.internal.$Gson$Types.resolve($Gson$Types.java:383)
  com.google.gson.internal.$Gson$Types.resolve($Gson$Types.java:378)
  com.google.gson.internal.$Gson$Types.resolve($Gson$Types.java:383)
  com.google.gson.internal.$Gson$Types.resolve($Gson$Types.java:378)
  com.google.gson.internal.$Gson$Types.resolve($Gson$Types.java:383)
  com.google.gson.internal.$Gson$Types.resolve($Gson$Types.java:378)
  com.google.gson.internal.$Gson$Types.resolve($Gson$Types.java:383)
  com.google.gson.internal.$Gson$Types.resolve($Gson$Types.java:378)
  com.google.gson.internal.$Gson$Types.resolve($Gson$Types.java:383)
  com.google.gson.internal.$Gson$Types.resolve($Gson$Types.java:378)
  com.google.gson.internal.$Gson$Types.resolve($Gson$Types.java:383)
  com.google.gson.internal.$Gson$Types.resolve($Gson$Types.java:378)
  com.google.gson.internal.$Gson$Types.resolve($Gson$Types.java:383)
  com.google.gson.internal.$Gson$Types.resolve($Gson$Types.java:378)
  com.google.gson.internal.$Gson$Types.resolve($Gson$Types.java:383)
  com.google.gson.internal.$Gson$Types.resolve($Gson$Types.java:378)
  com.google.gson.internal.$Gson$Types.resolve($Gson$Types.java:383)
  com.google.gson.internal.$Gson$Types.resolve($Gson$Types.java:378)
  com.google.gson.internal.$Gson$Types.resolve($Gson$Types.java:383)
  com.google.gson.internal.$Gson$Types.resolve($Gson$Types.java:378)
  com.google.gson.internal.$Gson$Types.resolve($Gson$Types.java:383)
  com.google.gson.internal.$Gson$Types.resolve($Gson$Types.java:378)
  com.google.gson.internal.$Gson$Types.resolve($Gson$Types.java:383)
  com.google.gson.internal.$Gson$Types.resolve($Gson$Types.java:378)
  com.google.gson.internal.$Gson$Types.resolve($Gson$Types.java:383)
  com.google.gson.internal.$Gson$Types.resolve($Gson$Types.java:378)
  com.google.gson.internal.$Gson$Types.resolve($Gson$Types.java:383)
  com.google.gson.internal.$Gson$Types.resolve($Gson$Types.java:378)
  com.google.gson.internal.$Gson$Types.resolve($Gson$Types.java:383)
  com.google.gson.internal.$Gson$Types.resolve($Gson$Types.java:378)
  com.google.gson.internal.$Gson$Types.resolve($Gson$Types.java:383)
  com.google.gson.internal.$Gson$Types.resolve($Gson$Types.java:378)
  com.google.gson.internal.$Gson$Types.resolve($Gson$Types.java:383)
  com.google.gson.internal.$Gson$Types.resolve($Gson$Types.java:378)
  com.google.gson.internal.$Gson$Types.resolve($Gson$Types.java:383)
  com.google.gson.internal.$Gson$Types.resolve($Gson$Types.java:378)
  com.google.gson.internal.$Gson$Types.resolve($Gson$Types.java:383)
  com.google.gson.internal.$Gson$Types.resolve($Gson$Types.java:378)
  com.google.gson.internal.$Gson$Types.resolve($Gson$Types.java:383)
  com.google.gson.internal.$Gson$Types.resolve($Gson$Types.java:378)
  com.google.gson.internal.$Gson$Types.resolve($Gson$Types.java:383)
  com.google.gson.internal.$Gson$Types.resolve($Gson$Types.java:378)
  com.google.gson.internal.$Gson$Types.resolve($Gson$Types.java:383)
  com.google.gson.internal.$Gson$Types.resolve($Gson$Types.java:378)
  com.google.gson.internal.$Gson$Types.resolve($Gson$Types.java:383)
  com.google.gson.internal.$Gson$Types.resolve($Gson$Types.java:378)
  com.google.gson.internal.$Gson$Types.resolve($Gson$Types.java:383)
  com.google.gson.internal.$Gson$Types.resolve($Gson$Types.java:378)
  com.google.gson.internal.$Gson$Types.resolve($Gson$Types.java:383)
  com.google.gson.internal.$Gson$Types.resolve($Gson$Types.java:378)
  com.google.gson.internal.$Gson$Types.resolve($Gson$Types.java:383)
  com.google.gson.internal.$Gson$Types.resolve($Gson$Types.java:378)
  com.google.gson.internal.$Gson$Types.resolve($Gson$Types.java:383)
  com.google.gson.internal.$Gson$Types.resolve($Gson$Types.java:378)
  com.google.gson.internal.$Gson$Types.resolve($Gson$Types.java:383)
  com.google.gson.internal.$Gson$Types.resolve($Gson$Types.java:378)
  com.google.gson.internal.$Gson$Types.resolve($Gson$Types.java:383)
  com.google.gson.internal.$Gson$Types.resolve($Gson$Types.java:378)
  com.google.gson.internal.$Gson$Types.resolve($Gson$Types.java:383)
  com.google.gson.internal.$Gson$Types.resolve($Gson$Types.java:378)
  com.google.gson.internal.$Gson$Types.resolve($Gson$Types.java:383)
  com.google.gson.internal.$Gson$Types.resolve($Gson$Types.java:378)
  com.google.gson.internal.$Gson$Types.resolve($Gson$Types.java:383)
  com.google.gson.internal.$Gson$Types.resolve($Gson$Types.java:378)
  com.google.gson.internal.$Gson$Types.resolve($Gson$Types.java:383)
  com.google.gson.internal.$Gson$Types.resolve($Gson$Types.java:378)
  com.google.gson.internal.$Gson$Types.resolve($Gson$Types.java:383)
  com.google.gson.internal.$Gson$Types.resolve($Gson$Types.java:378)
  com.google.gson.internal.$Gson$Types.resolve($Gson$Types.java:383)
  com.google.gson.internal.$Gson$Types.resolve($Gson$Types.java:378)
  com.google.gson.internal.$Gson$Types.resolve($Gson$Types.java:383)
  com.google.gson.internal.$Gson$Types.resolve($Gson$Types.java:378)
  com.google.gson.internal.$Gson$Types.resolve($Gson$Types.java:383)
  com.google.gson.internal.$Gson$Types.resolve($Gson$Types.java:378)
  com.google.gson.internal.$Gson$Types.resolve($Gson$Types.java:383)
  com.google.gson.internal.$Gson$Types.resolve($Gson$Types.java:378)
  com.google.gson.internal.$Gson$Types.resolve($Gson$Types.java:383)
  com.google.gson.internal.$Gson$Types.resolve($Gson$Types.java:378)
  com.google.gson.internal.$Gson$Types.resolve($Gson$Types.java:383)
  com.google.gson.internal.$Gson$Types.resolve($Gson$Types.java:378)
  com.google.gson.internal.$Gson$Types.resolve($Gson$Types.java:383)
  com.google.gson.internal.$Gson$Types.resolve($Gson$Types.java:378)
  com.google.gson.internal.$Gson$Types.resolve($Gson$Types.java:383)
  com.google.gson.internal.$Gson$Types.resolve($Gson$Types.java:378)
  com.google.gson.internal.$Gson$Types.resolve($Gson$Types.java:383)
  com.google.gson.internal.$Gson$Types.resolve($Gson$Types.java:378)
  com.google.gson.internal.$Gson$Types.resolve($Gson$Types.java:383)
  com.google.gson.internal.$Gson$Types.resolve($Gson$Types.java:378)
  com.google.gson.internal.$Gson$Types.resolve($Gson$Types.java:383)
  com.google.gson.internal.$Gson$Types.resolve($Gson$Types.java:378)
  com.google.gson.internal.$Gson$Types.resolve($Gson$Types.java:383)
  com.google.gson.internal.$Gson$Types.resolve($Gson$Types.java:378)
  com.google.gson.internal.$Gson$Types.resolve($Gson$Types.java:383)
  com.google.gson.internal.$Gson$Types.resolve($Gson$Types.java:378)
  com.google.gson.internal.$Gson$Types.resolve($Gson$Types.java:383)
  com.google.gson.internal.$Gson$Types.resolve($Gson$Types.java:378)
  com.google.gson.internal.$Gson$Types.resolve($Gson$Types.java:383)
  com.google.gson.internal.$Gson$Types.resolve($Gson$Types.java:378)
  com.google.gson.internal.$Gson$Types.resolve($Gson$Types.java:383)
  com.google.gson.internal.$Gson$Types.resolve($Gson$Types.java:378)
  com.google.gson.internal.$Gson$Types.resolve($Gson$Types.java:383)
  com.google.gson.internal.$Gson$Types.resolve($Gson$Types.java:378)
  com.google.gson.internal.$Gson$Types.resolve($Gson$Types.java:383)
  com.google.gson.internal.$Gson$Types.resolve($Gson$Types.java:378)
  com.google.gson.internal.$Gson$Types.resolve($Gson$Types.java:383)
  com.google.gson.internal.$Gson$Types.resolve($Gson$Types.java:378)
  com.google.gson.internal.$Gson$Types.resolve($Gson$Types.java:383)
  com.google.gson.internal.$Gson$Types.resolve($Gson$Types.java:378)
  com.google.gson.internal.$Gson$Types.resolve($Gson$Types.java:383)
  com.google.gson.internal.$Gson$Types.resolve($Gson$Types.java:378)
  com.google.gson.internal.$Gson$Types.resolve($Gson$Types.java:383)
  com.google.gson.internal.$Gson$Types.resolve($Gson$Types.java:378)
  com.google.gson.internal.$Gson$Types.resolve($Gson$Types.java:383)
  com.google.gson.internal.$Gson$Types.resolve($Gson$Types.java:378)
  com.google.gson.internal.$Gson$Types.resolve($Gson$Types.java:383)
  com.google.gson.internal.$Gson$Types.resolve($Gson$Types.java:378)
  com.google.gson.internal.$Gson$Types.resolve($Gson$Types.java:383)
  com.google.gson.internal.$Gson$Types.resolve($Gson$Types.java:378)
  com.google.gson.internal.$Gson$Types.resolve($Gson$Types.java:383)
  com.google.gson.internal.$Gson$Types.resolve($Gson$Types.java:378)
  com.google.gson.internal.$Gson$Types.resolve($Gson$Types.java:383)
  com.google.gson.internal.$Gson$Types.resolve($Gson$Types.java:378)
  com.google.gson.internal.$Gson$Types.resolve($Gson$Types.java:383)
  com.google.gson.internal.$Gson$Types.resolve($Gson$Types.java:378)
  com.google.gson.internal.$Gson$Types.resolve($Gson$Types.java:383)
  com.google.gson.internal.$Gson$Types.resolve($Gson$Types.java:378)
  com.google.gson.internal.$Gson$Types.resolve($Gson$Types.java:383)
  com.google.gson.internal.$Gson$Types.resolve($Gson$Types.java:378)
  com.google.gson.internal.$Gson$Types.resolve($Gson$Types.java:383)
  com.google.gson.internal.$Gson$Types.resolve($Gson$Types.java:378)
  com.google.gson.internal.$Gson$Types.resolve($Gson$Types.java:383)
  com.google.gson.internal.$Gson$Types.resolve($Gson$Types.java:378)
  com.google.gson.internal.$Gson$Types.resolve($Gson$Types.java:383)
  com.google.gson.internal.$Gson$Types.resolve($Gson$Types.java:378)
  com.google.gson.internal.$Gson$Types.resolve($Gson$Types.java:383)
  com.google.gson.internal.$Gson$Types.resolve($Gson$Types.java:378)
  com.google.gson.internal.$Gson$Types.resolve($Gson$Types.java:383)
  com.google.gson.internal.$Gson$Types.resolve($Gson$Types.java:378)
  com.google.gson.internal.$Gson$Types.resolve($Gson$Types.java:383)
  com.google.gson.internal.$Gson$Types.resolve($Gson$Types.java:378)
  com.google.gson.internal.$Gson$Types.resolve($Gson$Types.java:383)
  com.google.gson.internal.$Gson$Types.resolve($Gson$Types.java:378)
  com.google.gson.internal.$Gson$Types.resolve($Gson$Types.java:383)
  com.google.gson.internal.$Gson$Types.resolve($Gson$Types.java:378)
  com.google.gson.internal.$Gson$Types.resolve($Gson$Types.java:383)
  com.google.gson.internal.$Gson$Types.resolve($Gson$Types.java:378)
  com.google.gson.internal.$Gson$Types.resolve($Gson$Types.java:383)
  com.google.gson.internal.$Gson$Types.resolve($Gson$Types.java:378)
  com.google.gson.internal.$Gson$Types.resolve($Gson$Types.java:383)
  com.google.gson.internal.$Gson$Types.resolve($Gson$Types.java:378)
  com.google.gson.internal.$Gson$Types.resolve($Gson$Types.java:383)
  com.google.gson.internal.$Gson$Types.resolve($Gson$Types.java:378)
  com.google.gson.internal.$Gson$Types.resolve($Gson$Types.java:383)
  com.google.gson.internal.$Gson$Types.resolve($Gson$Types.java:378)
  com.google.gson.internal.$Gson$Types.resolve($Gson$Types.java:383)
  com.google.gson.internal.$Gson$Types.resolve($Gson$Types.java:378)
  com.google.gson.internal.$Gson$Types.resolve($Gson$Types.java:383)
  com.google.gson.internal.$Gson$Types.resolve($Gson$Types.java:378)
  com.google.gson.internal.$Gson$Types.resolve($Gson$Types.java:383)
  com.google.gson.internal.$Gson$Types.resolve($Gson$Types.java:378)
  com.google.gson.internal.$Gson$Types.resolve($Gson$Types.java:383)
  com.google.gson.internal.$Gson$Types.resolve($Gson$Types.java:378)
  com.google.gson.internal.$Gson$Types.resolve($Gson$Types.java:383)
  com.google.gson.internal.$Gson$Types.resolve($Gson$Types.java:378)
  com.google.gson.internal.$Gson$Types.resolve($Gson$Types.java:383)
  com.google.gson.internal.$Gson$Types.resolve($Gson$Types.java:378)
  com.google.gson.internal.$Gson$Types.resolve($Gson$Types.java:383)
  com.google.gson.internal.$Gson$Types.resolve($Gson$Types.java:378)
  com.google.gson.internal.$Gson$Types.resolve($Gson$Types.java:383)
  com.google.gson.internal.$Gson$Types.resolve($Gson$Types.java:378)
  com.google.gson.internal.$Gson$Types.resolve($Gson$Types.java:383)
  com.google.gson.internal.$Gson$Types.resolve($Gson$Types.java:378)
  com.google.gson.internal.$Gson$Types.resolve($Gson$Types.java:383)
  com.google.gson.internal.$Gson$Types.resolve($Gson$Types.java:378)
  com.google.gson.internal.$Gson$Types.resolve($Gson$Types.java:383)
  com.google.gson.internal.$Gson$Types.resolve($Gson$Types.java:378)
  com.google.gson.internal.$Gson$Types.resolve($Gson$Types.java:383)
  com.google.gson.internal.$Gson$Types.resolve($Gson$Types.java:378)
  com.google.gson.internal.$Gson$Types.resolve($Gson$Types.java:383)
  com.google.gson.internal.$Gson$Types.resolve($Gson$Types.java:378)
  com.google.gson.internal.$Gson$Types.resolve($Gson$Types.java:383)
  com.google.gson.internal.$Gson$Types.resolve($Gson$Types.java:378)
  com.google.gson.internal.$Gson$Types.resolve($Gson$Types.java:383)
  com.google.gson.internal.$Gson$Types.resolve($Gson$Types.java:378)
  com.google.gson.internal.$Gson$Types.resolve($Gson$Types.java:383)
  com.google.gson.internal.$Gson$Types.resolve($Gson$Types.java:378)
  com.google.gson.internal.$Gson$Types.resolve($Gson$Types.java:383)
  com.google.gson.internal.$Gson$Types.resolve($Gson$Types.java:378)
  com.google.gson.internal.$Gson$Types.resolve($Gson$Types.java:383)
  com.google.gson.internal.$Gson$Types.resolve($Gson$Types.java:378)
  com.google.gson.internal.$Gson$Types.resolve($Gson$Types.java:383)
  com.google.gson.internal.$Gson$Types.resolve($Gson$Types.java:378)
  com.google.gson.internal.$Gson$Types.resolve($Gson$Types.java:383)
  com.google.gson.internal.$Gson$Types.resolve($Gson$Types.java:378)
  com.google.gson.internal.$Gson$Types.resolve($Gson$Types.java:383)
  com.google.gson.internal.$Gson$Types.resolve($Gson$Types.java:378)
  com.google.gson.internal.$Gson$Types.resolve($Gson$Types.java:383)
  com.google.gson.internal.$Gson$Types.resolve($Gson$Types.java:378)
  com.google.gson.internal.$Gson$Types.resolve($Gson$Types.java:383)
  com.google.gson.internal.$Gson$Types.resolve($Gson$Types.java:378)
  com.google.gson.internal.$Gson$Types.resolve($Gson$Types.java:383)
  com.google.gson.internal.$Gson$Types.resolve($Gson$Types.java:378)
  com.google.gson.internal.$Gson$Types.resolve($Gson$Types.java:383)
  com.google.gson.internal.$Gson$Types.resolve($Gson$Types.java:378)
  com.google.gson.internal.$Gson$Types.resolve($Gson$Types.java:383)
  com.google.gson.internal.$Gson$Types.resolve($Gson$Types.java:378)
  com.google.gson.internal.$Gson$Types.resolve($Gson$Types.java:383)
  com.google.gson.internal.$Gson$Types.resolve($Gson$Types.java:378)
  com.google.gson.internal.$Gson$Types.resolve($Gson$Types.java:383)
  com.google.gson.internal.$Gson$Types.resolve($Gson$Types.java:378)
  com.google.gson.internal.$Gson$Types.resolve($Gson$Types.java:383)
  com.google.gson.internal.$Gson$Types.resolve($Gson$Types.java:378)
  com.google.gson.internal.$Gson$Types.resolve($Gson$Types.java:383)
  com.google.gson.internal.$Gson$Types.resolve($Gson$Types.java:378)
  com.google.gson.internal.$Gson$Types.resolve($Gson$Types.java:383)
  com.google.gson.internal.$Gson$Types.resolve($Gson$Types.java:378)
  com.google.gson.internal.$Gson$Types.resolve($Gson$Types.java:383)
  com.google.gson.internal.$Gson$Types.resolve($Gson$Types.java:378)
  com.google.gson.internal.$Gson$Types.resolve($Gson$Types.java:383)
  com.google.gson.internal.$Gson$Types.resolve($Gson$Types.java:378)
  com.google.gson.internal.$Gson$Types.resolve($Gson$Types.java:383)
  com.google.gson.internal.$Gson$Types.resolve($Gson$Types.java:378)
  com.google.gson.internal.$Gson$Types.resolve($Gson$Types.java:383)
  com.google.gson.internal.$Gson$Types.resolve($Gson$Types.java:378)
  com.google.gson.internal.$Gson$Types.resolve($Gson$Types.java:383)
  com.google.gson.internal.$Gson$Types.resolve($Gson$Types.java:378)
  com.google.gson.internal.$Gson$Types.resolve($Gson$Types.java:383)
  com.google.gson.internal.$Gson$Types.resolve($Gson$Types.java:378)
  com.google.gson.internal.$Gson$Types.resolve($Gson$Types.java:383)
  com.google.gson.internal.$Gson$Types.resolve($Gson$Types.java:378)
  com.google.gson.internal.$Gson$Types.resolve($Gson$Types.java:383)
  com.google.gson.internal.$Gson$Types.resolve($Gson$Types.java:378)
  com.google.gson.internal.$Gson$Types.resolve($Gson$Types.java:383)
  com.google.gson.internal.$Gson$Types.resolve($Gson$Types.java:378)
  com.google.gson.internal.$Gson$Types.resolve($Gson$Types.java:383)
  com.google.gson.internal.$Gson$Types.resolve($Gson$Types.java:378)
  com.google.gson.internal.$Gson$Types.resolve($Gson$Types.java:383)
  com.google.gson.internal.$Gson$Types.resolve($Gson$Types.java:378)
  com.google.gson.internal.$Gson$Types.resolve($Gson$Types.java:383)
  com.google.gson.internal.$Gson$Types.resolve($Gson$Types.java:378)
  com.google.gson.internal.$Gson$Types.resolve($Gson$Types.java:383)
  com.google.gson.internal.$Gson$Types.resolve($Gson$Types.java:378)
  com.google.gson.internal.$Gson$Types.resolve($Gson$Types.java:383)
  com.google.gson.internal.$Gson$Types.resolve($Gson$Types.java:378)
  com.google.gson.internal.$Gson$Types.resolve($Gson$Types.java:383)
  com.google.gson.internal.$Gson$Types.resolve($Gson$Types.java:378)
  com.google.gson.internal.$Gson$Types.resolve($Gson$Types.java:383)
  com.google.gson.internal.$Gson$Types.resolve($Gson$Types.java:378)
  com.google.gson.internal.$Gson$Types.resolve($Gson$Types.java:383)
  com.google.gson.internal.$Gson$Types.resolve($Gson$Types.java:378)
  com.google.gson.internal.$Gson$Types.resolve($Gson$Types.java:383)
  com.google.gson.internal.$Gson$Types.resolve($Gson$Types.java:378)
  com.google.gson.internal.$Gson$Types.resolve($Gson$Types.java:383)
  com.google.gson.internal.$Gson$Types.resolve($Gson$Types.java:378)
  com.google.gson.internal.$Gson$Types.resolve($Gson$Types.java:383)
  com.google.gson.internal.$Gson$Types.resolve($Gson$Types.java:378)
  com.google.gson.internal.$Gson$Types.resolve($Gson$Types.java:383)
  com.google.gson.internal.$Gson$Types.resolve($Gson$Types.java:378)
  com.google.gson.internal.$Gson$Types.resolve($Gson$Types.java:383)
  com.google.gson.internal.$Gson$Types.resolve($Gson$Types.java:378)
  com.google.gson.internal.$Gson$Types.resolve($Gson$Types.java:383)
  com.google.gson.internal.$Gson$Types.resolve($Gson$Types.java:378)
  com.google.gson.internal.$Gson$Types.resolve($Gson$Types.java:383)
  com.google.gson.internal.$Gson$Types.resolve($Gson$Types.java:378)
  com.google.gson.internal.$Gson$Types.resolve($Gson$Types.java:383)
  com.google.gson.internal.$Gson$Types.resolve($Gson$Types.java:378)
  com.google.gson.internal.$Gson$Types.resolve($Gson$Types.java:383)
  com.google.gson.internal.$Gson$Types.resolve($Gson$Types.java:378)
  com.google.gson.internal.$Gson$Types.resolve($Gson$Types.java:383)
  com.google.gson.internal.$Gson$Types.resolve($Gson$Types.java:378)
  com.google.gson.internal.$Gson$Types.resolve($Gson$Types.java:383)
  com.google.gson.internal.$Gson$Types.resolve($Gson$Types.java:378)
  com.google.gson.internal.$Gson$Types.resolve($Gson$Types.java:383)
  com.google.gson.internal.$Gson$Types.resolve($Gson$Types.java:378)
  com.google.gson.internal.$Gson$Types.resolve($Gson$Types.java:383)
  com.google.gson.internal.$Gson$Types.resolve($Gson$Types.java:378)
  com.google.gson.internal.$Gson$Types.resolve($Gson$Types.java:383)
  com.google.gson.internal.$Gson$Types.resolve($Gson$Types.java:378)
  com.google.gson.internal.$Gson$Types.resolve($Gson$Types.java:383)
  com.google.gson.internal.$Gson$Types.resolve($Gson$Types.java:378)
  com.google.gson.internal.$Gson$Types.resolve($Gson$Types.java:383)
  com.google.gson.internal.$Gson$Types.resolve($Gson$Types.java:378)
  com.google.gson.internal.$Gson$Types.resolve($Gson$Types.java:383)
  com.google.gson.internal.$Gson$Types.resolve($Gson$Types.java:378)
  com.google.gson.internal.$Gson$Types.resolve($Gson$Types.java:383)
  com.google.gson.internal.$Gson$Types.resolve($Gson$Types.java:378)
  com.google.gson.internal.$Gson$Types.resolve($Gson$Types.java:383)
  com.google.gson.internal.$Gson$Types.resolve($Gson$Types.java:378)
  com.google.gson.internal.$Gson$Types.resolve($Gson$Types.java:383)
  com.google.gson.internal.$Gson$Types.resolve($Gson$Types.java:378)
  com.google.gson.internal.$Gson$Types.resolve($Gson$Types.java:383)
  com.google.gson.internal.$Gson$Types.resolve($Gson$Types.java:378)
  com.google.gson.internal.$Gson$Types.resolve($Gson$Types.java:383)
  com.google.gson.internal.$Gson$Types.resolve($Gson$Types.java:378)
  com.google.gson.internal.$Gson$Types.resolve($Gson$Types.java:383)
  com.google.gson.internal.$Gson$Types.resolve($Gson$Types.java:378)
  com.google.gson.internal.$Gson$Types.resolve($Gson$Types.java:383)
  com.google.gson.internal.$Gson$Types.resolve($Gson$Types.java:378)
  com.google.gson.internal.$Gson$Types.resolve($Gson$Types.java:383)
  com.google.gson.internal.$Gson$Types.resolve($Gson$Types.java:378)
  com.google.gson.internal.$Gson$Types.resolve($Gson$Types.java:383)
  com.google.gson.internal.$Gson$Types.resolve($Gson$Types.java:378)
  com.google.gson.internal.$Gson$Types.resolve($Gson$Types.java:383)
  com.google.gson.internal.$Gson$Types.resolve($Gson$Types.java:378)
  com.google.gson.internal.$Gson$Types.resolve($Gson$Types.java:383)
  com.google.gson.internal.$Gson$Types.resolve($Gson$Types.java:378)
  com.google.gson.internal.$Gson$Types.resolve($Gson$Types.java:383)
  com.google.gson.internal.$Gson$Types.resolve($Gson$Types.java:378)
  com.google.gson.internal.$Gson$Types.resolve($Gson$Types.java:383)
  com.google.gson.internal.$Gson$Types.resolve($Gson$Types.java:378)
  com.google.gson.internal.$Gson$Types.resolve($Gson$Types.java:383)
  com.google.gson.internal.$Gson$Types.resolve($Gson$Types.java:378)
  com.google.gson.internal.$Gson$Types.resolve($Gson$Types.java:383)
  com.google.gson.internal.$Gson$Types.resolve($Gson$Types.java:378)
  com.google.gson.internal.$Gson$Types.resolve($Gson$Types.java:383)
  com.google.gson.internal.$Gson$Types.resolve($Gson$Types.java:378)
  com.google.gson.internal.$Gson$Types.resolve($Gson$Types.java:383)
  com.google.gson.internal.$Gson$Types.resolve($Gson$Types.java:378)
  com.google.gson.internal.$Gson$Types.resolve($Gson$Types.java:383)
  com.google.gson.internal.$Gson$Types.resolve($Gson$Types.java:378)
  com.google.gson.internal.$Gson$Types.resolve($Gson$Types.java:383)
  com.google.gson.internal.$Gson$Types.resolve($Gson$Types.java:378)
  com.google.gson.internal.$Gson$Types.resolve($Gson$Types.java:383)
  com.google.gson.internal.$Gson$Types.resolve($Gson$Types.java:378)
  com.google.gson.internal.$Gson$Types.resolve($Gson$Types.java:383)
  com.google.gson.internal.$Gson$Types.resolve($Gson$Types.java:378)
  com.google.gson.internal.$Gson$Types.resolve($Gson$Types.java:383)
  com.google.gson.internal.$Gson$Types.resolve($Gson$Types.java:378)
  com.google.gson.internal.$Gson$Types.resolve($Gson$Types.java:383)
  com.google.gson.internal.$Gson$Types.resolve($Gson$Types.java:378)
  com.google.gson.internal.$Gson$Types.resolve($Gson$Types.java:383)
  com.google.gson.internal.$Gson$Types.resolve($Gson$Types.java:378)
  com.google.gson.internal.$Gson$Types.resolve($Gson$Types.java:383)
  com.google.gson.internal.$Gson$Types.resolve($Gson$Types.java:378)
  com.google.gson.internal.$Gson$Types.resolve($Gson$Types.java:383)
  com.google.gson.internal.$Gson$Types.resolve($Gson$Types.java:378)
  com.google.gson.internal.$Gson$Types.resolve($Gson$Types.java:383)
  com.google.gson.internal.$Gson$Types.resolve($Gson$Types.java:378)
  com.google.gson.internal.$Gson$Types.resolve($Gson$Types.java:383)
  com.google.gson.internal.$Gson$Types.resolve($Gson$Types.java:378)
  com.google.gson.internal.$Gson$Types.resolve($Gson$Types.java:383)
  com.google.gson.internal.$Gson$Types.resolve($Gson$Types.java:378)
  com.google.gson.internal.$Gson$Types.resolve($Gson$Types.java:383)
  com.google.gson.internal.$Gson$Types.resolve($Gson$Types.java:378)
  com.google.gson.internal.$Gson$Types.resolve($Gson$Types.java:383)
  com.google.gson.internal.$Gson$Types.resolve($Gson$Types.java:378)
  com.google.gson.internal.$Gson$Types.resolve($Gson$Types.java:383)
  com.google.gson.internal.$Gson$Types.resolve($Gson$Types.java:378)
  com.google.gson.internal.$Gson$Types.resolve($Gson$Types.java:383)
  com.google.gson.internal.$Gson$Types.resolve($Gson$Types.java:378)
  com.google.gson.internal.$Gson$Types.resolve($Gson$Types.java:383)
  com.google.gson.internal.$Gson$Types.resolve($Gson$Types.java:378)
  com.google.gson.internal.$Gson$Types.resolve($Gson$Types.java:383)
  com.google.gson.internal.$Gson$Types.resolve($Gson$Types.java:378)
  com.google.gson.internal.$Gson$Types.resolve($Gson$Types.java:383)
  com.google.gson.internal.$Gson$Types.resolve($Gson$Types.java:378)
  com.google.gson.internal.$Gson$Types.resolve($Gson$Types.java:383)
  com.google.gson.internal.$Gson$Types.resolve($Gson$Types.java:378)
  com.google.gson.internal.$Gson$Types.resolve($Gson$Types.java:383)
  com.google.gson.internal.$Gson$Types.resolve($Gson$Types.java:378)
  com.google.gson.internal.$Gson$Types.resolve($Gson$Types.java:383)
  com.google.gson.internal.$Gson$Types.resolve($Gson$Types.java:378)
  com.google.gson.internal.$Gson$Types.resolve($Gson$Types.java:383)
  com.google.gson.internal.$Gson$Types.resolve($Gson$Types.java:378)
  com.google.gson.internal.$Gson$Types.resolve($Gson$Types.java:383)
  com.google.gson.internal.$Gson$Types.resolve($Gson$Types.java:378)
  com.google.gson.internal.$Gson$Types.resolve($Gson$Types.java:383)
  com.google.gson.internal.$Gson$Types.resolve($Gson$Types.java:378)
  com.google.gson.internal.$Gson$Types.resolve($Gson$Types.java:383)
  com.google.gson.internal.$Gson$Types.resolve($Gson$Types.java:378)
  com.google.gson.internal.$Gson$Types.resolve($Gson$Types.java:383)
  com.google.gson.internal.bind.ReflectiveTypeAdapterFactory.getBoundFields(ReflectiveTypeAdapterFactory.java:154)
  com.google.gson.internal.bind.ReflectiveTypeAdapterFactory.create(ReflectiveTypeAdapterFactory.java:96)
  com.google.gson.Gson.getAdapter(Gson.java:416)
  com.google.gson.internal.bind.ReflectiveTypeAdapterFactory.getFieldAdapter(ReflectiveTypeAdapterFactory.java:135)
  com.google.gson.internal.bind.ReflectiveTypeAdapterFactory$1.<init>(ReflectiveTypeAdapterFactory.java:105)
  com.google.gson.internal.bind.ReflectiveTypeAdapterFactory.createBoundField(ReflectiveTypeAdapterFactory.java:104)
  com.google.gson.internal.bind.ReflectiveTypeAdapterFactory.getBoundFields(ReflectiveTypeAdapterFactory.java:160)
  com.google.gson.internal.bind.ReflectiveTypeAdapterFactory.create(ReflectiveTypeAdapterFactory.java:96)
  com.google.gson.Gson.getAdapter(Gson.java:416)
  com.google.gson.internal.bind.ReflectiveTypeAdapterFactory.getFieldAdapter(ReflectiveTypeAdapterFactory.java:135)
  com.google.gson.internal.bind.ReflectiveTypeAdapterFactory$1.<init>(ReflectiveTypeAdapterFactory.java:105)
  com.google.gson.internal.bind.ReflectiveTypeAdapterFactory.createBoundField(ReflectiveTypeAdapterFactory.java:104)
  com.google.gson.internal.bind.ReflectiveTypeAdapterFactory.getBoundFields(ReflectiveTypeAdapterFactory.java:160)
  com.google.gson.internal.bind.ReflectiveTypeAdapterFactory.create(ReflectiveTypeAdapterFactory.java:96)
  com.google.gson.Gson.getAdapter(Gson.java:416)
  com.google.gson.internal.bind.ReflectiveTypeAdapterFactory.getFieldAdapter(ReflectiveTypeAdapterFactory.java:135)
  com.google.gson.internal.bind.ReflectiveTypeAdapterFactory$1.<init>(ReflectiveTypeAdapterFactory.java:105)
  com.google.gson.internal.bind.ReflectiveTypeAdapterFactory.createBoundField(ReflectiveTypeAdapterFactory.java:104)
  com.google.gson.internal.bind.ReflectiveTypeAdapterFactory.getBoundFields(ReflectiveTypeAdapterFactory.java:160)
  com.google.gson.internal.bind.ReflectiveTypeAdapterFactory.create(ReflectiveTypeAdapterFactory.java:96)
  com.google.gson.Gson.getAdapter(Gson.java:416)
  com.google.gson.internal.bind.ReflectiveTypeAdapterFactory.getFieldAdapter(ReflectiveTypeAdapterFactory.java:135)
  com.google.gson.internal.bind.ReflectiveTypeAdapterFactory$1.<init>(ReflectiveTypeAdapterFactory.java:105)
  com.google.gson.internal.bind.ReflectiveTypeAdapterFactory.createBoundField(ReflectiveTypeAdapterFactory.java:104)
  com.google.gson.internal.bind.ReflectiveTypeAdapterFactory.getBoundFields(ReflectiveTypeAdapterFactory.java:160)
  com.google.gson.internal.bind.ReflectiveTypeAdapterFactory.create(ReflectiveTypeAdapterFactory.java:96)
  com.google.gson.Gson.getAdapter(Gson.java:416)
  com.google.gson.internal.bind.ReflectiveTypeAdapterFactory.getFieldAdapter(ReflectiveTypeAdapterFactory.java:135)
  com.google.gson.internal.bind.ReflectiveTypeAdapterFactory$1.<init>(ReflectiveTypeAdapterFactory.java:105)
  com.google.gson.internal.bind.ReflectiveTypeAdapterFactory.createBoundField(ReflectiveTypeAdapterFactory.java:104)
  com.google.gson.internal.bind.ReflectiveTypeAdapterFactory.getBoundFields(ReflectiveTypeAdapterFactory.java:160)
  com.google.gson.internal.bind.ReflectiveTypeAdapterFactory.create(ReflectiveTypeAdapterFactory.java:96)
  com.google.gson.Gson.getAdapter(Gson.java:416)
  com.google.gson.internal.bind.ReflectiveTypeAdapterFactory.getFieldAdapter(ReflectiveTypeAdapterFactory.java:135)
  com.google.gson.internal.bind.ReflectiveTypeAdapterFactory$1.<init>(ReflectiveTypeAdapterFactory.java:105)
  com.google.gson.internal.bind.ReflectiveTypeAdapterFactory.createBoundField(ReflectiveTypeAdapterFactory.java:104)
  com.google.gson.internal.bind.ReflectiveTypeAdapterFactory.getBoundFields(ReflectiveTypeAdapterFactory.java:160)
  com.google.gson.internal.bind.ReflectiveTypeAdapterFactory.create(ReflectiveTypeAdapterFactory.java:96)
  com.google.gson.Gson.getAdapter(Gson.java:416)
  com.google.gson.internal.bind.ReflectiveTypeAdapterFactory.getFieldAdapter(ReflectiveTypeAdapterFactory.java:135)
  com.google.gson.internal.bind.ReflectiveTypeAdapterFactory$1.<init>(ReflectiveTypeAdapterFactory.java:105)
  com.google.gson.internal.bind.ReflectiveTypeAdapterFactory.createBoundField(ReflectiveTypeAdapterFactory.java:104)
  com.google.gson.internal.bind.ReflectiveTypeAdapterFactory.getBoundFields(ReflectiveTypeAdapterFactory.java:160)
  com.google.gson.internal.bind.ReflectiveTypeAdapterFactory.create(ReflectiveTypeAdapterFactory.java:96)
  com.google.gson.Gson.getAdapter(Gson.java:416)
  com.google.gson.internal.bind.ReflectiveTypeAdapterFactory.getFieldAdapter(ReflectiveTypeAdapterFactory.java:135)
  com.google.gson.internal.bind.ReflectiveTypeAdapterFactory$1.<init>(ReflectiveTypeAdapterFactory.java:105)
  com.google.gson.internal.bind.ReflectiveTypeAdapterFactory.createBoundField(ReflectiveTypeAdapterFactory.java:104)
  com.google.gson.internal.bind.ReflectiveTypeAdapterFactory.getBoundFields(ReflectiveTypeAdapterFactory.java:160)
  com.google.gson.internal.bind.ReflectiveTypeAdapterFactory.create(ReflectiveTypeAdapterFactory.java:96)
  com.google.gson.Gson.getAdapter(Gson.java:416)
  com.google.gson.internal.bind.ReflectiveTypeAdapterFactory.getFieldAdapter(ReflectiveTypeAdapterFactory.java:135)
  com.google.gson.internal.bind.ReflectiveTypeAdapterFactory$1.<init>(ReflectiveTypeAdapterFactory.java:105)
  com.google.gson.internal.bind.ReflectiveTypeAdapterFactory.createBoundField(ReflectiveTypeAdapterFactory.java:104)
  com.google.gson.internal.bind.ReflectiveTypeAdapterFactory.getBoundFields(ReflectiveTypeAdapterFactory.java:160)
  com.google.gson.internal.bind.ReflectiveTypeAdapterFactory.create(ReflectiveTypeAdapterFactory.java:96)
  com.google.gson.Gson.getAdapter(Gson.java:416)
  com.google.gson.internal.bind.ReflectiveTypeAdapterFactory.getFieldAdapter(ReflectiveTypeAdapterFactory.java:135)
  com.google.gson.internal.bind.ReflectiveTypeAdapterFactory$1.<init>(ReflectiveTypeAdapterFactory.java:105)
  com.google.gson.internal.bind.ReflectiveTypeAdapterFactory.createBoundField(ReflectiveTypeAdapterFactory.java:104)
  com.google.gson.internal.bind.ReflectiveTypeAdapterFactory.getBoundFields(ReflectiveTypeAdapterFactory.java:160)
  com.google.gson.internal.bind.ReflectiveTypeAdapterFactory.create(ReflectiveTypeAdapterFactory.java:96)
  com.google.gson.Gson.getAdapter(Gson.java:416)
  com.google.gson.internal.bind.ReflectiveTypeAdapterFactory.getFieldAdapter(ReflectiveTypeAdapterFactory.java:135)
  com.google.gson.internal.bind.ReflectiveTypeAdapterFactory$1.<init>(ReflectiveTypeAdapterFactory.java:105)
  com.google.gson.internal.bind.ReflectiveTypeAdapterFactory.createBoundField(ReflectiveTypeAdapterFactory.java:104)
  com.google.gson.internal.bind.ReflectiveTypeAdapterFactory.getBoundFields(ReflectiveTypeAdapterFactory.java:160)
  com.google.gson.internal.bind.ReflectiveTypeAdapterFactory.create(ReflectiveTypeAdapterFactory.java:96)
  com.google.gson.Gson.getAdapter(Gson.java:416)
  com.google.gson.internal.bind.ReflectiveTypeAdapterFactory.getFieldAdapter(ReflectiveTypeAdapterFactory.java:135)
  com.google.gson.internal.bind.ReflectiveTypeAdapterFactory$1.<init>(ReflectiveTypeAdapterFactory.java:105)
  com.google.gson.internal.bind.ReflectiveTypeAdapterFactory.createBoundField(ReflectiveTypeAdapterFactory.java:104)
  com.google.gson.internal.bind.ReflectiveTypeAdapterFactory.getBoundFields(ReflectiveTypeAdapterFactory.java:160)
  com.google.gson.internal.bind.ReflectiveTypeAdapterFactory.create(ReflectiveTypeAdapterFactory.java:96)
  com.google.gson.Gson.getAdapter(Gson.java:416)
  com.google.gson.internal.bind.ReflectiveTypeAdapterFactory.getFieldAdapter(ReflectiveTypeAdapterFactory.java:135)
  com.google.gson.internal.bind.ReflectiveTypeAdapterFactory$1.<init>(ReflectiveTypeAdapterFactory.java:105)
  com.google.gson.internal.bind.ReflectiveTypeAdapterFactory.createBoundField(ReflectiveTypeAdapterFactory.java:104)
  com.google.gson.internal.bind.ReflectiveTypeAdapterFactory.getBoundFields(ReflectiveTypeAdapterFactory.java:160)
  com.google.gson.internal.bind.ReflectiveTypeAdapterFactory.create(ReflectiveTypeAdapterFactory.java:96)
  com.google.gson.Gson.getAdapter(Gson.java:416)
  com.google.gson.internal.bind.ReflectiveTypeAdapterFactory.getFieldAdapter(ReflectiveTypeAdapterFactory.java:135)
  com.google.gson.internal.bind.ReflectiveTypeAdapterFactory$1.<init>(ReflectiveTypeAdapterFactory.java:105)
  com.google.gson.internal.bind.ReflectiveTypeAdapterFactory.createBoundField(ReflectiveTypeAdapterFactory.java:104)
  com.google.gson.internal.bind.ReflectiveTypeAdapterFactory.getBoundFields(ReflectiveTypeAdapterFactory.java:160)
  com.google.gson.internal.bind.ReflectiveTypeAdapterFactory.create(ReflectiveTypeAdapterFactory.java:96)
  com.google.gson.Gson.getAdapter(Gson.java:416)
  com.google.gson.internal.bind.ReflectiveTypeAdapterFactory.getFieldAdapter(ReflectiveTypeAdapterFactory.java:135)
  com.google.gson.internal.bind.ReflectiveTypeAdapterFactory$1.<init>(ReflectiveTypeAdapterFactory.java:105)
  com.google.gson.internal.bind.ReflectiveTypeAdapterFactory.createBoundField(ReflectiveTypeAdapterFactory.java:104)
  com.google.gson.internal.bind.ReflectiveTypeAdapterFactory.getBoundFields(ReflectiveTypeAdapterFactory.java:160)
  com.google.gson.internal.bind.ReflectiveTypeAdapterFactory.create(ReflectiveTypeAdapterFactory.java:96)
  com.google.gson.Gson.getAdapter(Gson.java:416)
  com.google.gson.internal.bind.ReflectiveTypeAdapterFactory.getFieldAdapter(ReflectiveTypeAdapterFactory.java:135)
  com.google.gson.internal.bind.ReflectiveTypeAdapterFactory$1.<init>(ReflectiveTypeAdapterFactory.java:105)
  com.google.gson.internal.bind.ReflectiveTypeAdapterFactory.createBoundField(ReflectiveTypeAdapterFactory.java:104)
  com.google.gson.internal.bind.ReflectiveTypeAdapterFactory.getBoundFields(ReflectiveTypeAdapterFactory.java:160)
  com.google.gson.internal.bind.ReflectiveTypeAdapterFactory.create(ReflectiveTypeAdapterFactory.java:96)
  com.google.gson.Gson.getAdapter(Gson.java:416)
  com.google.gson.internal.bind.ReflectiveTypeAdapterFactory.getFieldAdapter(ReflectiveTypeAdapterFactory.java:135)
  com.google.gson.internal.bind.ReflectiveTypeAdapterFactory$1.<init>(ReflectiveTypeAdapterFactory.java:105)
  com.google.gson.internal.bind.ReflectiveTypeAdapterFactory.createBoundField(ReflectiveTypeAdapterFactory.java:104)
  com.google.gson.internal.bind.ReflectiveTypeAdapterFactory.getBoundFields(ReflectiveTypeAdapterFactory.java:160)
  com.google.gson.internal.bind.ReflectiveTypeAdapterFactory.create(ReflectiveTypeAdapterFactory.java:96)
  com.google.gson.Gson.getAdapter(Gson.java:416)
  com.google.gson.internal.bind.ReflectiveTypeAdapterFactory.getFieldAdapter(ReflectiveTypeAdapterFactory.java:135)
  com.google.gson.internal.bind.ReflectiveTypeAdapterFactory$1.<init>(ReflectiveTypeAdapterFactory.java:105)
  com.google.gson.internal.bind.ReflectiveTypeAdapterFactory.createBoundField(ReflectiveTypeAdapterFactory.java:104)
  com.google.gson.internal.bind.ReflectiveTypeAdapterFactory.getBoundFields(ReflectiveTypeAdapterFactory.java:160)
  com.google.gson.internal.bind.ReflectiveTypeAdapterFactory.create(ReflectiveTypeAdapterFactory.java:96)
  com.google.gson.Gson.getAdapter(Gson.java:416)
  com.google.gson.internal.bind.ReflectiveTypeAdapterFactory.getFieldAdapter(ReflectiveTypeAdapterFactory.java:135)
  com.google.gson.internal.bind.ReflectiveTypeAdapterFactory$1.<init>(ReflectiveTypeAdapterFactory.java:105)
  com.google.gson.internal.bind.ReflectiveTypeAdapterFactory.createBoundField(ReflectiveTypeAdapterFactory.java:104)
  com.google.gson.internal.bind.ReflectiveTypeAdapterFactory.getBoundFields(ReflectiveTypeAdapterFactory.java:160)
  com.google.gson.internal.bind.ReflectiveTypeAdapterFactory.create(ReflectiveTypeAdapterFactory.java:96)
  com.google.gson.Gson.getAdapter(Gson.java:416)
  com.google.gson.internal.bind.ReflectiveTypeAdapterFactory.getFieldAdapter(ReflectiveTypeAdapterFactory.java:135)
  com.google.gson.internal.bind.ReflectiveTypeAdapterFactory$1.<init>(ReflectiveTypeAdapterFactory.java:105)
  com.google.gson.internal.bind.ReflectiveTypeAdapterFactory.createBoundField(ReflectiveTypeAdapterFactory.java:104)
  com.google.gson.internal.bind.ReflectiveTypeAdapterFactory.getBoundFields(ReflectiveTypeAdapterFactory.java:160)
  com.google.gson.internal.bind.ReflectiveTypeAdapterFactory.create(ReflectiveTypeAdapterFactory.java:96)
  com.google.gson.Gson.getAdapter(Gson.java:416)
  com.google.gson.internal.bind.ReflectiveTypeAdapterFactory.getFieldAdapter(ReflectiveTypeAdapterFactory.java:135)
  com.google.gson.internal.bind.ReflectiveTypeAdapterFactory$1.<init>(ReflectiveTypeAdapterFactory.java:105)
  com.google.gson.internal.bind.ReflectiveTypeAdapterFactory.createBoundField(ReflectiveTypeAdapterFactory.java:104)
  com.google.gson.internal.bind.ReflectiveTypeAdapterFactory.getBoundFields(ReflectiveTypeAdapterFactory.java:160)
  com.google.gson.internal.bind.ReflectiveTypeAdapterFactory.create(ReflectiveTypeAdapterFactory.java:96)
  com.google.gson.Gson.getAdapter(Gson.java:416)
  com.google.gson.internal.bind.ReflectiveTypeAdapterFactory.getFieldAdapter(ReflectiveTypeAdapterFactory.java:135)
  com.google.gson.internal.bind.ReflectiveTypeAdapterFactory$1.<init>(ReflectiveTypeAdapterFactory.java:105)
  com.google.gson.internal.bind.ReflectiveTypeAdapterFactory.createBoundField(ReflectiveTypeAdapterFactory.java:104)
  com.google.gson.internal.bind.ReflectiveTypeAdapterFactory.getBoundFields(ReflectiveTypeAdapterFactory.java:160)
  com.google.gson.internal.bind.ReflectiveTypeAdapterFactory.create(ReflectiveTypeAdapterFactory.java:96)
  com.google.gson.Gson.getAdapter(Gson.java:416)
  com.google.gson.internal.bind.ReflectiveTypeAdapterFactory.getFieldAdapter(ReflectiveTypeAdapterFactory.java:135)
  com.google.gson.internal.bind.ReflectiveTypeAdapterFactory$1.<init>(ReflectiveTypeAdapterFactory.java:105)
  com.google.gson.internal.bind.ReflectiveTypeAdapterFactory.createBoundField(ReflectiveTypeAdapterFactory.java:104)
  com.google.gson.internal.bind.ReflectiveTypeAdapterFactory.getBoundFields(ReflectiveTypeAdapterFactory.java:160)
  com.google.gson.internal.bind.ReflectiveTypeAdapterFactory.create(ReflectiveTypeAdapterFactory.java:96)
  com.google.gson.Gson.getAdapter(Gson.java:416)
  com.google.gson.internal.bind.ReflectiveTypeAdapterFactory.getFieldAdapter(ReflectiveTypeAdapterFactory.java:135)
  com.google.gson.internal.bind.ReflectiveTypeAdapterFactory$1.<init>(ReflectiveTypeAdapterFactory.java:105)
  com.google.gson.internal.bind.ReflectiveTypeAdapterFactory.createBoundField(ReflectiveTypeAdapterFactory.java:104)
  com.google.gson.internal.bind.ReflectiveTypeAdapterFactory.getBoundFields(ReflectiveTypeAdapterFactory.java:160)
  com.google.gson.internal.bind.ReflectiveTypeAdapterFactory.create(ReflectiveTypeAdapterFactory.java:96)
  com.google.gson.Gson.getAdapter(Gson.java:416)
  com.google.gson.internal.bind.ReflectiveTypeAdapterFactory.getFieldAdapter(ReflectiveTypeAdapterFactory.java:135)
  com.google.gson.internal.bind.ReflectiveTypeAdapterFactory$1.<init>(ReflectiveTypeAdapterFactory.java:105)
  com.google.gson.internal.bind.ReflectiveTypeAdapterFactory.createBoundField(ReflectiveTypeAdapterFactory.java:104)
  com.google.gson.internal.bind.ReflectiveTypeAdapterFactory.getBoundFields(ReflectiveTypeAdapterFactory.java:160)
  com.google.gson.internal.bind.ReflectiveTypeAdapterFactory.create(ReflectiveTypeAdapterFactory.java:96)
  com.google.gson.Gson.getAdapter(Gson.java:416)
  com.google.gson.internal.bind.ReflectiveTypeAdapterFactory.getFieldAdapter(ReflectiveTypeAdapterFactory.java:135)
  com.google.gson.internal.bind.ReflectiveTypeAdapterFactory$1.<init>(ReflectiveTypeAdapterFactory.java:105)
  com.google.gson.internal.bind.ReflectiveTypeAdapterFactory.createBoundField(ReflectiveTypeAdapterFactory.java:104)
  com.google.gson.internal.bind.ReflectiveTypeAdapterFactory.getBoundFields(ReflectiveTypeAdapterFactory.java:160)
  com.google.gson.internal.bind.ReflectiveTypeAdapterFactory.create(ReflectiveTypeAdapterFactory.java:96)
  com.google.gson.Gson.getAdapter(Gson.java:416)
  com.google.gson.internal.bind.ReflectiveTypeAdapterFactory.getFieldAdapter(ReflectiveTypeAdapterFactory.java:135)
  com.google.gson.internal.bind.ReflectiveTypeAdapterFactory$1.<init>(ReflectiveTypeAdapterFactory.java:105)
  com.google.gson.internal.bind.ReflectiveTypeAdapterFactory.createBoundField(ReflectiveTypeAdapterFactory.java:104)
  com.google.gson.internal.bind.ReflectiveTypeAdapterFactory.getBoundFields(ReflectiveTypeAdapterFactory.java:160)
  com.google.gson.internal.bind.ReflectiveTypeAdapterFactory.create(ReflectiveTypeAdapterFactory.java:96)
  com.google.gson.Gson.getAdapter(Gson.java:416)
  com.google.gson.internal.bind.ReflectiveTypeAdapterFactory.getFieldAdapter(ReflectiveTypeAdapterFactory.java:135)
  com.google.gson.internal.bind.ReflectiveTypeAdapterFactory$1.<init>(ReflectiveTypeAdapterFactory.java:105)
  com.google.gson.internal.bind.ReflectiveTypeAdapterFactory.createBoundField(ReflectiveTypeAdapterFactory.java:104)
  com.google.gson.internal.bind.ReflectiveTypeAdapterFactory.getBoundFields(ReflectiveTypeAdapterFactory.java:160)
  com.google.gson.internal.bind.ReflectiveTypeAdapterFactory.create(ReflectiveTypeAdapterFactory.java:96)
  com.google.gson.Gson.getAdapter(Gson.java:416)
  com.google.gson.internal.bind.ReflectiveTypeAdapterFactory.getFieldAdapter(ReflectiveTypeAdapterFactory.java:135)
  com.google.gson.internal.bind.ReflectiveTypeAdapterFactory$1.<init>(ReflectiveTypeAdapterFactory.java:105)
  com.google.gson.internal.bind.ReflectiveTypeAdapterFactory.createBoundField(ReflectiveTypeAdapterFactory.java:104)
  com.google.gson.internal.bind.ReflectiveTypeAdapterFactory.getBoundFields(ReflectiveTypeAdapterFactory.java:160)
  com.google.gson.internal.bind.ReflectiveTypeAdapterFactory.create(ReflectiveTypeAdapterFactory.java:96)
  com.google.gson.Gson.getAdapter(Gson.java:416)
  com.google.gson.internal.bind.ReflectiveTypeAdapterFactory.getFieldAdapter(ReflectiveTypeAdapterFactory.java:135)
  com.google.gson.internal.bind.ReflectiveTypeAdapterFactory$1.<init>(ReflectiveTypeAdapterFactory.java:105)
  com.google.gson.internal.bind.ReflectiveTypeAdapterFactory.createBoundField(ReflectiveTypeAdapterFactory.java:104)
  com.google.gson.internal.bind.ReflectiveTypeAdapterFactory.getBoundFields(ReflectiveTypeAdapterFactory.java:160)
  com.google.gson.internal.bind.ReflectiveTypeAdapterFactory.create(ReflectiveTypeAdapterFactory.java:96)
  com.google.gson.Gson.getAdapter(Gson.java:416)
  com.google.gson.internal.bind.ReflectiveTypeAdapterFactory.getFieldAdapter(ReflectiveTypeAdapterFactory.java:135)
  com.google.gson.internal.bind.ReflectiveTypeAdapterFactory$1.<init>(ReflectiveTypeAdapterFactory.java:105)
  com.google.gson.internal.bind.ReflectiveTypeAdapterFactory.createBoundField(ReflectiveTypeAdapterFactory.java:104)
  com.google.gson.internal.bind.ReflectiveTypeAdapterFactory.getBoundFields(ReflectiveTypeAdapterFactory.java:160)
  com.google.gson.internal.bind.ReflectiveTypeAdapterFactory.create(ReflectiveTypeAdapterFactory.java:96)
  com.google.gson.Gson.getAdapter(Gson.java:416)
  com.google.gson.internal.bind.ReflectiveTypeAdapterFactory.getFieldAdapter(ReflectiveTypeAdapterFactory.java:135)
  com.google.gson.internal.bind.ReflectiveTypeAdapterFactory$1.<init>(ReflectiveTypeAdapterFactory.java:105)
  com.google.gson.internal.bind.ReflectiveTypeAdapterFactory.createBoundField(ReflectiveTypeAdapterFactory.java:104)
  com.google.gson.internal.bind.ReflectiveTypeAdapterFactory.getBoundFields(ReflectiveTypeAdapterFactory.java:160)
  com.google.gson.internal.bind.ReflectiveTypeAdapterFactory.create(ReflectiveTypeAdapterFactory.java:96)
  com.google.gson.Gson.getAdapter(Gson.java:416)
  com.google.gson.internal.bind.ReflectiveTypeAdapterFactory.getFieldAdapter(ReflectiveTypeAdapterFactory.java:135)
  com.google.gson.internal.bind.ReflectiveTypeAdapterFactory$1.<init>(ReflectiveTypeAdapterFactory.java:105)
  com.google.gson.internal.bind.ReflectiveTypeAdapterFactory.createBoundField(ReflectiveTypeAdapterFactory.java:104)
  com.google.gson.internal.bind.ReflectiveTypeAdapterFactory.getBoundFields(ReflectiveTypeAdapterFactory.java:160)
  com.google.gson.internal.bind.ReflectiveTypeAdapterFactory.create(ReflectiveTypeAdapterFactory.java:96)
  com.google.gson.Gson.getAdapter(Gson.java:416)
  com.google.gson.internal.bind.ReflectiveTypeAdapterFactory.getFieldAdapter(ReflectiveTypeAdapterFactory.java:135)
  com.google.gson.internal.bind.ReflectiveTypeAdapterFactory$1.<init>(ReflectiveTypeAdapterFactory.java:105)
  com.google.gson.internal.bind.ReflectiveTypeAdapterFactory.createBoundField(ReflectiveTypeAdapterFactory.java:104)
  com.google.gson.internal.bind.ReflectiveTypeAdapterFactory.getBoundFields(ReflectiveTypeAdapterFactory.java:160)
  com.google.gson.internal.bind.ReflectiveTypeAdapterFactory.create(ReflectiveTypeAdapterFactory.java:96)
  com.google.gson.Gson.getAdapter(Gson.java:416)
  com.google.gson.internal.bind.ReflectiveTypeAdapterFactory.getFieldAdapter(ReflectiveTypeAdapterFactory.java:135)
  com.google.gson.internal.bind.ReflectiveTypeAdapterFactory$1.<init>(ReflectiveTypeAdapterFactory.java:105)
  com.google.gson.internal.bind.ReflectiveTypeAdapterFactory.createBoundField(ReflectiveTypeAdapterFactory.java:104)
  com.google.gson.internal.bind.ReflectiveTypeAdapterFactory.getBoundFields(ReflectiveTypeAdapterFactory.java:160)
  com.google.gson.internal.bind.ReflectiveTypeAdapterFactory.create(ReflectiveTypeAdapterFactory.java:96)
  com.google.gson.Gson.getAdapter(Gson.java:416)
  com.google.gson.internal.bind.ReflectiveTypeAdapterFactory.getFieldAdapter(ReflectiveTypeAdapterFactory.java:135)
  com.google.gson.internal.bind.ReflectiveTypeAdapterFactory$1.<init>(ReflectiveTypeAdapterFactory.java:105)
  com.google.gson.internal.bind.ReflectiveTypeAdapterFactory.createBoundField(ReflectiveTypeAdapterFactory.java:104)
  com.google.gson.internal.bind.ReflectiveTypeAdapterFactory.getBoundFields(ReflectiveTypeAdapterFactory.java:160)
  com.google.gson.internal.bind.ReflectiveTypeAdapterFactory.create(ReflectiveTypeAdapterFactory.java:96)
  com.google.gson.Gson.getAdapter(Gson.java:416)
  com.google.gson.internal.bind.ReflectiveTypeAdapterFactory.getFieldAdapter(ReflectiveTypeAdapterFactory.java:135)
  com.google.gson.internal.bind.ReflectiveTypeAdapterFactory$1.<init>(ReflectiveTypeAdapterFactory.java:105)
  com.google.gson.internal.bind.ReflectiveTypeAdapterFactory.createBoundField(ReflectiveTypeAdapterFactory.java:104)
  com.google.gson.internal.bind.ReflectiveTypeAdapterFactory.getBoundFields(ReflectiveTypeAdapterFactory.java:160)
  com.google.gson.internal.bind.ReflectiveTypeAdapterFactory.create(ReflectiveTypeAdapterFactory.java:96)
  com.google.gson.Gson.getAdapter(Gson.java:416)
  com.google.gson.internal.bind.ReflectiveTypeAdapterFactory.getFieldAdapter(ReflectiveTypeAdapterFactory.java:135)
  com.google.gson.internal.bind.ReflectiveTypeAdapterFactory$1.<init>(ReflectiveTypeAdapterFactory.java:105)
  com.google.gson.internal.bind.ReflectiveTypeAdapterFactory.createBoundField(ReflectiveTypeAdapterFactory.java:104)
  com.google.gson.internal.bind.ReflectiveTypeAdapterFactory.getBoundFields(ReflectiveTypeAdapterFactory.java:160)
  com.google.gson.internal.bind.ReflectiveTypeAdapterFactory.create(ReflectiveTypeAdapterFactory.java:96)
  com.google.gson.Gson.getAdapter(Gson.java:416)
  com.google.gson.internal.bind.ReflectiveTypeAdapterFactory.getFieldAdapter(ReflectiveTypeAdapterFactory.java:135)
  com.google.gson.internal.bind.ReflectiveTypeAdapterFactory$1.<init>(ReflectiveTypeAdapterFactory.java:105)
  com.google.gson.internal.bind.ReflectiveTypeAdapterFactory.createBoundField(ReflectiveTypeAdapterFactory.java:104)
  com.google.gson.internal.bind.ReflectiveTypeAdapterFactory.getBoundFields(ReflectiveTypeAdapterFactory.java:160)
  com.google.gson.internal.bind.ReflectiveTypeAdapterFactory.create(ReflectiveTypeAdapterFactory.java:96)
  com.google.gson.Gson.getAdapter(Gson.java:416)
  com.google.gson.internal.bind.ReflectiveTypeAdapterFactory.getFieldAdapter(ReflectiveTypeAdapterFactory.java:135)
  com.google.gson.internal.bind.ReflectiveTypeAdapterFactory$1.<init>(ReflectiveTypeAdapterFactory.java:105)
  com.google.gson.internal.bind.ReflectiveTypeAdapterFactory.createBoundField(ReflectiveTypeAdapterFactory.java:104)
  com.google.gson.internal.bind.ReflectiveTypeAdapterFactory.getBoundFields(ReflectiveTypeAdapterFactory.java:160)
  com.google.gson.internal.bind.ReflectiveTypeAdapterFactory.create(ReflectiveTypeAdapterFactory.java:96)
  com.google.gson.Gson.getAdapter(Gson.java:416)
  com.google.gson.internal.bind.ReflectiveTypeAdapterFactory.getFieldAdapter(ReflectiveTypeAdapterFactory.java:135)
  com.google.gson.internal.bind.ReflectiveTypeAdapterFactory$1.<init>(ReflectiveTypeAdapterFactory.java:105)
  com.google.gson.internal.bind.ReflectiveTypeAdapterFactory.createBoundField(ReflectiveTypeAdapterFactory.java:104)
  com.google.gson.internal.bind.ReflectiveTypeAdapterFactory.getBoundFields(ReflectiveTypeAdapterFactory.java:160)
  com.google.gson.internal.bind.ReflectiveTypeAdapterFactory.create(ReflectiveTypeAdapterFactory.java:96)
  com.google.gson.Gson.getAdapter(Gson.java:416)
  com.google.gson.internal.bind.ReflectiveTypeAdapterFactory.getFieldAdapter(ReflectiveTypeAdapterFactory.java:135)
  com.google.gson.internal.bind.ReflectiveTypeAdapterFactory$1.<init>(ReflectiveTypeAdapterFactory.java:105)
  com.google.gson.internal.bind.ReflectiveTypeAdapterFactory.createBoundField(ReflectiveTypeAdapterFactory.java:104)
  com.google.gson.internal.bind.ReflectiveTypeAdapterFactory.getBoundFields(ReflectiveTypeAdapterFactory.java:160)
  com.google.gson.internal.bind.ReflectiveTypeAdapterFactory.create(ReflectiveTypeAdapterFactory.java:96)
  com.google.gson.Gson.getAdapter(Gson.java:416)
  com.google.gson.internal.bind.ReflectiveTypeAdapterFactory.getFieldAdapter(ReflectiveTypeAdapterFactory.java:135)
  com.google.gson.internal.bind.ReflectiveTypeAdapterFactory$1.<init>(ReflectiveTypeAdapterFactory.java:105)
  com.google.gson.internal.bind.ReflectiveTypeAdapterFactory.createBoundField(ReflectiveTypeAdapterFactory.java:104)
  com.google.gson.internal.bind.ReflectiveTypeAdapterFactory.getBoundFields(ReflectiveTypeAdapterFactory.java:160)
  com.google.gson.internal.bind.ReflectiveTypeAdapterFactory.create(ReflectiveTypeAdapterFactory.java:96)
  com.google.gson.Gson.getAdapter(Gson.java:416)
  com.google.gson.internal.bind.ReflectiveTypeAdapterFactory.getFieldAdapter(ReflectiveTypeAdapterFactory.java:135)
  com.google.gson.internal.bind.ReflectiveTypeAdapterFactory$1.<init>(ReflectiveTypeAdapterFactory.java:105)
  com.google.gson.internal.bind.ReflectiveTypeAdapterFactory.createBoundField(ReflectiveTypeAdapterFactory.java:104)
  com.google.gson.internal.bind.ReflectiveTypeAdapterFactory.getBoundFields(ReflectiveTypeAdapterFactory.java:160)
  com.google.gson.internal.bind.ReflectiveTypeAdapterFactory.create(ReflectiveTypeAdapterFactory.java:96)
  com.google.gson.Gson.getAdapter(Gson.java:416)
  com.google.gson.internal.bind.ReflectiveTypeAdapterFactory.getFieldAdapter(ReflectiveTypeAdapterFactory.java:135)
  com.google.gson.internal.bind.ReflectiveTypeAdapterFactory$1.<init>(ReflectiveTypeAdapterFactory.java:105)
  com.google.gson.internal.bind.ReflectiveTypeAdapterFactory.createBoundField(ReflectiveTypeAdapterFactory.java:104)
  com.google.gson.internal.bind.ReflectiveTypeAdapterFactory.getBoundFields(ReflectiveTypeAdapterFactory.java:160)
  com.google.gson.internal.bind.ReflectiveTypeAdapterFactory.create(ReflectiveTypeAdapterFactory.java:96)
  com.google.gson.Gson.getAdapter(Gson.java:416)
  com.google.gson.internal.bind.ReflectiveTypeAdapterFactory.getFieldAdapter(ReflectiveTypeAdapterFactory.java:135)
  com.google.gson.internal.bind.ReflectiveTypeAdapterFactory$1.<init>(ReflectiveTypeAdapterFactory.java:105)
  com.google.gson.internal.bind.ReflectiveTypeAdapterFactory.createBoundField(ReflectiveTypeAdapterFactory.java:104)
  com.google.gson.internal.bind.ReflectiveTypeAdapterFactory.getBoundFields(ReflectiveTypeAdapterFactory.java:160)
  com.google.gson.internal.bind.ReflectiveTypeAdapterFactory.create(ReflectiveTypeAdapterFactory.java:96)
  com.google.gson.Gson.getAdapter(Gson.java:416)
  com.google.gson.internal.bind.ReflectiveTypeAdapterFactory.getFieldAdapter(ReflectiveTypeAdapterFactory.java:135)
  com.google.gson.internal.bind.ReflectiveTypeAdapterFactory$1.<init>(ReflectiveTypeAdapterFactory.java:105)
  com.google.gson.internal.bind.ReflectiveTypeAdapterFactory.createBoundField(ReflectiveTypeAdapterFactory.java:104)
  com.google.gson.internal.bind.ReflectiveTypeAdapterFactory.getBoundFields(ReflectiveTypeAdapterFactory.java:160)
  com.google.gson.internal.bind.ReflectiveTypeAdapterFactory.create(ReflectiveTypeAdapterFactory.java:96)
  com.google.gson.Gson.getAdapter(Gson.java:416)
  com.google.gson.internal.bind.ReflectiveTypeAdapterFactory.getFieldAdapter(ReflectiveTypeAdapterFactory.java:135)
  com.google.gson.internal.bind.ReflectiveTypeAdapterFactory$1.<init>(ReflectiveTypeAdapterFactory.java:105)
  com.google.gson.internal.bind.ReflectiveTypeAdapterFactory.createBoundField(ReflectiveTypeAdapterFactory.java:104)
  com.google.gson.internal.bind.ReflectiveTypeAdapterFactory.getBoundFields(ReflectiveTypeAdapterFactory.java:160)
  com.google.gson.internal.bind.ReflectiveTypeAdapterFactory.create(ReflectiveTypeAdapterFactory.java:96)
  com.google.gson.Gson.getAdapter(Gson.java:416)
  com.google.gson.internal.bind.ReflectiveTypeAdapterFactory.getFieldAdapter(ReflectiveTypeAdapterFactory.java:135)
  com.google.gson.internal.bind.ReflectiveTypeAdapterFactory$1.<init>(ReflectiveTypeAdapterFactory.java:105)
  com.google.gson.internal.bind.ReflectiveTypeAdapterFactory.createBoundField(ReflectiveTypeAdapterFactory.java:104)
  com.google.gson.internal.bind.ReflectiveTypeAdapterFactory.getBoundFields(ReflectiveTypeAdapterFactory.java:160)
  com.google.gson.internal.bind.ReflectiveTypeAdapterFactory.create(ReflectiveTypeAdapterFactory.java:96)
  com.google.gson.Gson.getAdapter(Gson.java:416)
  com.google.gson.internal.bind.ReflectiveTypeAdapterFactory.getFieldAdapter(ReflectiveTypeAdapterFactory.java:135)
  com.google.gson.internal.bind.ReflectiveTypeAdapterFactory$1.<init>(ReflectiveTypeAdapterFactory.java:105)
  com.google.gson.internal.bind.ReflectiveTypeAdapterFactory.createBoundField(ReflectiveTypeAdapterFactory.java:104)
  com.google.gson.internal.bind.ReflectiveTypeAdapterFactory.getBoundFields(ReflectiveTypeAdapterFactory.java:160)
  com.google.gson.internal.bind.ReflectiveTypeAdapterFactory.create(ReflectiveTypeAdapterFactory.java:96)
  com.google.gson.Gson.getAdapter(Gson.java:416)
  com.google.gson.internal.bind.ReflectiveTypeAdapterFactory.getFieldAdapter(ReflectiveTypeAdapterFactory.java:135)
  com.google.gson.internal.bind.ReflectiveTypeAdapterFactory$1.<init>(ReflectiveTypeAdapterFactory.java:105)
  com.google.gson.internal.bind.ReflectiveTypeAdapterFactory.createBoundField(ReflectiveTypeAdapterFactory.java:104)
  com.google.gson.internal.bind.ReflectiveTypeAdapterFactory.getBoundFields(ReflectiveTypeAdapterFactory.java:160)
  com.google.gson.internal.bind.ReflectiveTypeAdapterFactory.create(ReflectiveTypeAdapterFactory.java:96)
  com.google.gson.Gson.getAdapter(Gson.java:416)
  com.google.gson.internal.bind.ReflectiveTypeAdapterFactory.getFieldAdapter(ReflectiveTypeAdapterFactory.java:135)
  com.google.gson.internal.bind.ReflectiveTypeAdapterFactory$1.<init>(ReflectiveTypeAdapterFactory.java:105)
  com.google.gson.internal.bind.ReflectiveTypeAdapterFactory.createBoundField(ReflectiveTypeAdapterFactory.java:104)
  com.google.gson.internal.bind.ReflectiveTypeAdapterFactory.getBoundFields(ReflectiveTypeAdapterFactory.java:160)
  com.google.gson.internal.bind.ReflectiveTypeAdapterFactory.create(ReflectiveTypeAdapterFactory.java:96)
  com.google.gson.Gson.getAdapter(Gson.java:416)
  com.google.gson.internal.bind.ReflectiveTypeAdapterFactory.getFieldAdapter(ReflectiveTypeAdapterFactory.java:135)
  com.google.gson.internal.bind.ReflectiveTypeAdapterFactory$1.<init>(ReflectiveTypeAdapterFactory.java:105)
  com.google.gson.internal.bind.ReflectiveTypeAdapterFactory.createBoundField(ReflectiveTypeAdapterFactory.java:104)
  com.google.gson.internal.bind.ReflectiveTypeAdapterFactory.getBoundFields(ReflectiveTypeAdapterFactory.java:160)
  com.google.gson.internal.bind.ReflectiveTypeAdapterFactory.create(ReflectiveTypeAdapterFactory.java:96)
  com.google.gson.Gson.getAdapter(Gson.java:416)
  com.google.gson.internal.bind.ReflectiveTypeAdapterFactory.getFieldAdapter(ReflectiveTypeAdapterFactory.java:135)
  com.google.gson.internal.bind.ReflectiveTypeAdapterFactory$1.<init>(ReflectiveTypeAdapterFactory.java:105)
  com.google.gson.internal.bind.ReflectiveTypeAdapterFactory.createBoundField(ReflectiveTypeAdapterFactory.java:104)
  com.google.gson.internal.bind.ReflectiveTypeAdapterFactory.getBoundFields(ReflectiveTypeAdapterFactory.java:160)
  com.google.gson.internal.bind.ReflectiveTypeAdapterFactory.create(ReflectiveTypeAdapterFactory.java:96)
  com.google.gson.Gson.getAdapter(Gson.java:416)
  com.google.gson.internal.bind.ReflectiveTypeAdapterFactory.getFieldAdapter(ReflectiveTypeAdapterFactory.java:135)
  com.google.gson.internal.bind.ReflectiveTypeAdapterFactory$1.<init>(ReflectiveTypeAdapterFactory.java:105)
  com.google.gson.internal.bind.ReflectiveTypeAdapterFactory.createBoundField(ReflectiveTypeAdapterFactory.java:104)
  com.google.gson.internal.bind.ReflectiveTypeAdapterFactory.getBoundFields(ReflectiveTypeAdapterFactory.java:160)
  com.google.gson.internal.bind.ReflectiveTypeAdapterFactory.create(ReflectiveTypeAdapterFactory.java:96)
  com.google.gson.Gson.getAdapter(Gson.java:416)
  com.google.gson.internal.bind.ReflectiveTypeAdapterFactory.getFieldAdapter(ReflectiveTypeAdapterFactory.java:135)
  com.google.gson.internal.bind.ReflectiveTypeAdapterFactory$1.<init>(ReflectiveTypeAdapterFactory.java:105)
  com.google.gson.internal.bind.ReflectiveTypeAdapterFactory.createBoundField(ReflectiveTypeAdapterFactory.java:104)
  com.google.gson.internal.bind.ReflectiveTypeAdapterFactory.getBoundFields(ReflectiveTypeAdapterFactory.java:160)
  com.google.gson.internal.bind.ReflectiveTypeAdapterFactory.create(ReflectiveTypeAdapterFactory.java:96)
  com.google.gson.Gson.getAdapter(Gson.java:416)
  com.google.gson.internal.bind.ReflectiveTypeAdapterFactory.getFieldAdapter(ReflectiveTypeAdapterFactory.java:135)
  com.google.gson.internal.bind.ReflectiveTypeAdapterFactory$1.<init>(ReflectiveTypeAdapterFactory.java:105)
  com.google.gson.internal.bind.ReflectiveTypeAdapterFactory.createBoundField(ReflectiveTypeAdapterFactory.java:104)
  com.google.gson.internal.bind.ReflectiveTypeAdapterFactory.getBoundFields(ReflectiveTypeAdapterFactory.java:160)
  com.google.gson.internal.bind.ReflectiveTypeAdapterFactory.create(ReflectiveTypeAdapterFactory.java:96)
  com.google.gson.Gson.getAdapter(Gson.java:416)
  com.google.gson.internal.bind.ReflectiveTypeAdapterFactory.getFieldAdapter(ReflectiveTypeAdapterFactory.java:135)
  com.google.gson.internal.bind.ReflectiveTypeAdapterFactory$1.<init>(ReflectiveTypeAdapterFactory.java:105)
  com.google.gson.internal.bind.ReflectiveTypeAdapterFactory.createBoundField(ReflectiveTypeAdapterFactory.java:104)
  com.google.gson.internal.bind.ReflectiveTypeAdapterFactory.getBoundFields(ReflectiveTypeAdapterFactory.java:160)
  com.google.gson.internal.bind.ReflectiveTypeAdapterFactory.create(ReflectiveTypeAdapterFactory.java:96)
  com.google.gson.Gson.getAdapter(Gson.java:416)
  com.google.gson.internal.bind.ReflectiveTypeAdapterFactory.getFieldAdapter(ReflectiveTypeAdapterFactory.java:135)
  com.google.gson.internal.bind.ReflectiveTypeAdapterFactory$1.<init>(ReflectiveTypeAdapterFactory.java:105)
  com.google.gson.internal.bind.ReflectiveTypeAdapterFactory.createBoundField(ReflectiveTypeAdapterFactory.java:104)
  com.google.gson.internal.bind.ReflectiveTypeAdapterFactory.getBoundFields(ReflectiveTypeAdapterFactory.java:160)
  com.google.gson.internal.bind.ReflectiveTypeAdapterFactory.create(ReflectiveTypeAdapterFactory.java:96)
]]>
      </failure>

          </testcase>
  
  
  
</testsuite>
