<?xml version="1.0" encoding="UTF-8"?>
<testng-results skipped="0" failed="0" total="1" passed="1">
  <reporter-output>
  </reporter-output>
  <suite name="BulkOrder" duration-ms="10013" started-at="2017-04-19T16:48:23Z" finished-at="2017-04-19T16:48:33Z">
    <groups>
    </groups>
    <test name="Bulk" duration-ms="10013" started-at="2017-04-19T16:48:23Z" finished-at="2017-04-19T16:48:33Z">
      <class name="com.hs18.TestDataCreation.BulkOrderCreation">
        <test-method status="PASS" signature="setDriver(java.lang.String, java.lang.String, java.lang.String, java.lang.String, java.lang.String, java.lang.String, java.lang.String, java.lang.String)[pri:0, instance:com.hs18.TestDataCreation.BulkOrderCreation@11438d26]" name="setDriver" is-config="true" duration-ms="765" started-at="2017-04-19T22:18:22Z" finished-at="2017-04-19T22:18:23Z">
          <params>
            <param index="0">
              <value>
                <![CDATA[CRM]]>
              </value>
            </param>
            <param index="1">
              <value>
                <![CDATA[Preprod]]>
              </value>
            </param>
            <param index="2">
              <value>
                <![CDATA[Smoke]]>
              </value>
            </param>
            <param index="3">
              <value>
                <![CDATA[mobile]]>
              </value>
            </param>
            <param index="4">
              <value>
                <![CDATA[D:\Projects\HS18Automation\UIAutomation\QAAutomation\TestFile\TestDataCreation.xls]]>
              </value>
            </param>
            <param index="5">
              <value>
                <![CDATA[Extent.html]]>
              </value>
            </param>
            <param index="6">
              <value>
                <![CDATA[abhishek.bisht@homeshop18.com]]>
              </value>
            </param>
            <param index="7">
              <value>
                <![CDATA[D:\Projects\HS18Automation\UIAutomation\QAAutomation]]>
              </value>
            </param>
          </params>
          <reporter-output>
          </reporter-output>
        </test-method> <!-- setDriver -->
        <test-method status="PASS" signature="beforeFielSet()[pri:0, instance:com.hs18.TestDataCreation.BulkOrderCreation@11438d26]" name="beforeFielSet" is-config="true" duration-ms="0" started-at="2017-04-19T22:18:23Z" finished-at="2017-04-19T22:18:23Z">
          <reporter-output>
          </reporter-output>
        </test-method> <!-- beforeFielSet -->
        <test-method status="PASS" signature="createBulkOrders(java.lang.String, java.lang.String, java.lang.String, java.lang.String, java.lang.String, java.lang.String, java.lang.String, java.lang.String, java.lang.String)[pri:0, instance:com.hs18.TestDataCreation.BulkOrderCreation@11438d26]" name="createBulkOrders" duration-ms="9996" started-at="2017-04-19T22:18:23Z" description="bulkordercreation" data-provider="BulkDetail" finished-at="2017-04-19T22:18:33Z">
          <params>
            <param index="0">
              <value>
                <![CDATA[10]]>
              </value>
            </param>
            <param index="1">
              <value>
                <![CDATA[abhishekhomeshop@gmail.com]]>
              </value>
            </param>
            <param index="2">
              <value>
                <![CDATA[Abhishek]]>
              </value>
            </param>
            <param index="3">
              <value>
                <![CDATA[Bisht]]>
              </value>
            </param>
            <param index="4">
              <value>
                <![CDATA[Hyderabad]]>
              </value>
            </param>
            <param index="5">
              <value>
                <![CDATA[500001]]>
              </value>
            </param>
            <param index="6">
              <value>
                <![CDATA[9953918936]]>
              </value>
            </param>
            <param index="7">
              <value>
                <![CDATA[33084643]]>
              </value>
            </param>
            <param index="8">
              <value>
                <![CDATA[946587944]]>
              </value>
            </param>
          </params>
          <reporter-output>
          </reporter-output>
        </test-method> <!-- createBulkOrders -->
        <test-method status="PASS" signature="driverClose()[pri:0, instance:com.hs18.TestDataCreation.BulkOrderCreation@11438d26]" name="driverClose" is-config="true" duration-ms="10" started-at="2017-04-19T22:18:33Z" finished-at="2017-04-19T22:18:33Z">
          <reporter-output>
          </reporter-output>
        </test-method> <!-- driverClose -->
      </class> <!-- com.hs18.TestDataCreation.BulkOrderCreation -->
    </test> <!-- Bulk -->
  </suite> <!-- BulkOrder -->
</testng-results>
